[2024-09-14T04:58:58.405+0000] {processor.py:186} INFO - Started process (PID=91) to work on /opt/airflow/dags/welcome_dag.py
[2024-09-14T04:58:58.407+0000] {processor.py:914} INFO - Processing file /opt/airflow/dags/welcome_dag.py for tasks to queue
[2024-09-14T04:58:58.409+0000] {logging_mixin.py:190} INFO - [2024-09-14T04:58:58.409+0000] {dagbag.py:587} INFO - Filling up the DagBag from /opt/airflow/dags/welcome_dag.py
[2024-09-14T04:58:58.441+0000] {processor.py:925} INFO - DAG(s) 'welcome_dag' retrieved from /opt/airflow/dags/welcome_dag.py
[2024-09-14T04:58:58.562+0000] {logging_mixin.py:190} INFO - [2024-09-14T04:58:58.562+0000] {dag.py:3229} INFO - Sync 1 DAGs
[2024-09-14T04:58:58.580+0000] {logging_mixin.py:190} INFO - [2024-09-14T04:58:58.580+0000] {dag.py:4156} INFO - Setting next_dagrun for welcome_dag to 2024-09-13 23:00:00+00:00, run_after=2024-09-14 23:00:00+00:00
[2024-09-14T04:58:58.648+0000] {processor.py:208} INFO - Processing /opt/airflow/dags/welcome_dag.py took 0.247 seconds
[2024-09-14T04:59:28.837+0000] {processor.py:186} INFO - Started process (PID=103) to work on /opt/airflow/dags/welcome_dag.py
[2024-09-14T04:59:28.838+0000] {processor.py:914} INFO - Processing file /opt/airflow/dags/welcome_dag.py for tasks to queue
[2024-09-14T04:59:28.840+0000] {logging_mixin.py:190} INFO - [2024-09-14T04:59:28.839+0000] {dagbag.py:587} INFO - Filling up the DagBag from /opt/airflow/dags/welcome_dag.py
[2024-09-14T04:59:28.860+0000] {processor.py:925} INFO - DAG(s) 'welcome_dag' retrieved from /opt/airflow/dags/welcome_dag.py
[2024-09-14T04:59:28.882+0000] {logging_mixin.py:190} INFO - [2024-09-14T04:59:28.882+0000] {dag.py:3229} INFO - Sync 1 DAGs
[2024-09-14T04:59:28.900+0000] {logging_mixin.py:190} INFO - [2024-09-14T04:59:28.900+0000] {dag.py:4156} INFO - Setting next_dagrun for welcome_dag to 2024-09-13 23:00:00+00:00, run_after=2024-09-14 23:00:00+00:00
[2024-09-14T04:59:28.954+0000] {processor.py:208} INFO - Processing /opt/airflow/dags/welcome_dag.py took 0.120 seconds
[2024-09-14T04:59:59.774+0000] {processor.py:186} INFO - Started process (PID=104) to work on /opt/airflow/dags/welcome_dag.py
[2024-09-14T04:59:59.775+0000] {processor.py:914} INFO - Processing file /opt/airflow/dags/welcome_dag.py for tasks to queue
[2024-09-14T04:59:59.778+0000] {logging_mixin.py:190} INFO - [2024-09-14T04:59:59.778+0000] {dagbag.py:587} INFO - Filling up the DagBag from /opt/airflow/dags/welcome_dag.py
[2024-09-14T04:59:59.798+0000] {processor.py:925} INFO - DAG(s) 'welcome_dag' retrieved from /opt/airflow/dags/welcome_dag.py
[2024-09-14T04:59:59.817+0000] {logging_mixin.py:190} INFO - [2024-09-14T04:59:59.817+0000] {dag.py:3229} INFO - Sync 1 DAGs
[2024-09-14T04:59:59.835+0000] {logging_mixin.py:190} INFO - [2024-09-14T04:59:59.835+0000] {dag.py:4156} INFO - Setting next_dagrun for welcome_dag to 2024-09-13 23:00:00+00:00, run_after=2024-09-14 23:00:00+00:00
[2024-09-14T04:59:59.897+0000] {processor.py:208} INFO - Processing /opt/airflow/dags/welcome_dag.py took 0.126 seconds
[2024-09-14T05:00:30.104+0000] {processor.py:186} INFO - Started process (PID=105) to work on /opt/airflow/dags/welcome_dag.py
[2024-09-14T05:00:30.105+0000] {processor.py:914} INFO - Processing file /opt/airflow/dags/welcome_dag.py for tasks to queue
[2024-09-14T05:00:30.107+0000] {logging_mixin.py:190} INFO - [2024-09-14T05:00:30.107+0000] {dagbag.py:587} INFO - Filling up the DagBag from /opt/airflow/dags/welcome_dag.py
[2024-09-14T05:00:30.128+0000] {processor.py:925} INFO - DAG(s) 'welcome_dag' retrieved from /opt/airflow/dags/welcome_dag.py
[2024-09-14T05:00:30.154+0000] {logging_mixin.py:190} INFO - [2024-09-14T05:00:30.153+0000] {dag.py:3229} INFO - Sync 1 DAGs
[2024-09-14T05:00:30.172+0000] {logging_mixin.py:190} INFO - [2024-09-14T05:00:30.172+0000] {dag.py:4156} INFO - Setting next_dagrun for welcome_dag to 2024-09-13 23:00:00+00:00, run_after=2024-09-14 23:00:00+00:00
[2024-09-14T05:00:30.240+0000] {processor.py:208} INFO - Processing /opt/airflow/dags/welcome_dag.py took 0.140 seconds
[2024-09-14T05:01:00.535+0000] {processor.py:186} INFO - Started process (PID=160) to work on /opt/airflow/dags/welcome_dag.py
[2024-09-14T05:01:00.536+0000] {processor.py:914} INFO - Processing file /opt/airflow/dags/welcome_dag.py for tasks to queue
[2024-09-14T05:01:00.538+0000] {logging_mixin.py:190} INFO - [2024-09-14T05:01:00.538+0000] {dagbag.py:587} INFO - Filling up the DagBag from /opt/airflow/dags/welcome_dag.py
[2024-09-14T05:01:00.557+0000] {processor.py:925} INFO - DAG(s) 'welcome_dag' retrieved from /opt/airflow/dags/welcome_dag.py
[2024-09-14T05:01:00.579+0000] {logging_mixin.py:190} INFO - [2024-09-14T05:01:00.578+0000] {dag.py:3229} INFO - Sync 1 DAGs
[2024-09-14T05:01:00.607+0000] {logging_mixin.py:190} INFO - [2024-09-14T05:01:00.607+0000] {dag.py:4156} INFO - Setting next_dagrun for welcome_dag to 2024-09-13 23:00:00+00:00, run_after=2024-09-14 23:00:00+00:00
[2024-09-14T05:01:00.655+0000] {processor.py:208} INFO - Processing /opt/airflow/dags/welcome_dag.py took 0.124 seconds
[2024-09-14T05:01:31.557+0000] {processor.py:186} INFO - Started process (PID=215) to work on /opt/airflow/dags/welcome_dag.py
[2024-09-14T05:01:31.557+0000] {processor.py:914} INFO - Processing file /opt/airflow/dags/welcome_dag.py for tasks to queue
[2024-09-14T05:01:31.559+0000] {logging_mixin.py:190} INFO - [2024-09-14T05:01:31.559+0000] {dagbag.py:587} INFO - Filling up the DagBag from /opt/airflow/dags/welcome_dag.py
[2024-09-14T05:01:31.577+0000] {processor.py:925} INFO - DAG(s) 'welcome_dag' retrieved from /opt/airflow/dags/welcome_dag.py
[2024-09-14T05:01:31.596+0000] {logging_mixin.py:190} INFO - [2024-09-14T05:01:31.596+0000] {dag.py:3229} INFO - Sync 1 DAGs
[2024-09-14T05:01:31.615+0000] {logging_mixin.py:190} INFO - [2024-09-14T05:01:31.615+0000] {dag.py:4156} INFO - Setting next_dagrun for welcome_dag to 2024-09-13 23:00:00+00:00, run_after=2024-09-14 23:00:00+00:00
[2024-09-14T05:01:31.667+0000] {processor.py:208} INFO - Processing /opt/airflow/dags/welcome_dag.py took 0.114 seconds
[2024-09-14T05:02:02.689+0000] {processor.py:186} INFO - Started process (PID=216) to work on /opt/airflow/dags/welcome_dag.py
[2024-09-14T05:02:02.689+0000] {processor.py:914} INFO - Processing file /opt/airflow/dags/welcome_dag.py for tasks to queue
[2024-09-14T05:02:02.692+0000] {logging_mixin.py:190} INFO - [2024-09-14T05:02:02.692+0000] {dagbag.py:587} INFO - Filling up the DagBag from /opt/airflow/dags/welcome_dag.py
[2024-09-14T05:02:02.708+0000] {processor.py:925} INFO - DAG(s) 'welcome_dag' retrieved from /opt/airflow/dags/welcome_dag.py
[2024-09-14T05:02:02.727+0000] {logging_mixin.py:190} INFO - [2024-09-14T05:02:02.727+0000] {dag.py:3229} INFO - Sync 1 DAGs
[2024-09-14T05:02:02.745+0000] {logging_mixin.py:190} INFO - [2024-09-14T05:02:02.745+0000] {dag.py:4156} INFO - Setting next_dagrun for welcome_dag to 2024-09-13 23:00:00+00:00, run_after=2024-09-14 23:00:00+00:00
[2024-09-14T05:02:02.794+0000] {processor.py:208} INFO - Processing /opt/airflow/dags/welcome_dag.py took 0.109 seconds
[2024-09-14T05:02:33.683+0000] {processor.py:186} INFO - Started process (PID=217) to work on /opt/airflow/dags/welcome_dag.py
[2024-09-14T05:02:33.684+0000] {processor.py:914} INFO - Processing file /opt/airflow/dags/welcome_dag.py for tasks to queue
[2024-09-14T05:02:33.685+0000] {logging_mixin.py:190} INFO - [2024-09-14T05:02:33.685+0000] {dagbag.py:587} INFO - Filling up the DagBag from /opt/airflow/dags/welcome_dag.py
[2024-09-14T05:02:33.704+0000] {processor.py:925} INFO - DAG(s) 'welcome_dag' retrieved from /opt/airflow/dags/welcome_dag.py
[2024-09-14T05:02:33.723+0000] {logging_mixin.py:190} INFO - [2024-09-14T05:02:33.723+0000] {dag.py:3229} INFO - Sync 1 DAGs
[2024-09-14T05:02:33.741+0000] {logging_mixin.py:190} INFO - [2024-09-14T05:02:33.741+0000] {dag.py:4156} INFO - Setting next_dagrun for welcome_dag to 2024-09-13 23:00:00+00:00, run_after=2024-09-14 23:00:00+00:00
[2024-09-14T05:02:33.797+0000] {processor.py:208} INFO - Processing /opt/airflow/dags/welcome_dag.py took 0.117 seconds
[2024-09-14T05:03:04.499+0000] {processor.py:186} INFO - Started process (PID=218) to work on /opt/airflow/dags/welcome_dag.py
[2024-09-14T05:03:04.500+0000] {processor.py:914} INFO - Processing file /opt/airflow/dags/welcome_dag.py for tasks to queue
[2024-09-14T05:03:04.502+0000] {logging_mixin.py:190} INFO - [2024-09-14T05:03:04.502+0000] {dagbag.py:587} INFO - Filling up the DagBag from /opt/airflow/dags/welcome_dag.py
[2024-09-14T05:03:04.518+0000] {processor.py:925} INFO - DAG(s) 'welcome_dag' retrieved from /opt/airflow/dags/welcome_dag.py
[2024-09-14T05:03:04.537+0000] {logging_mixin.py:190} INFO - [2024-09-14T05:03:04.537+0000] {dag.py:3229} INFO - Sync 1 DAGs
[2024-09-14T05:03:04.555+0000] {logging_mixin.py:190} INFO - [2024-09-14T05:03:04.555+0000] {dag.py:4156} INFO - Setting next_dagrun for welcome_dag to 2024-09-13 23:00:00+00:00, run_after=2024-09-14 23:00:00+00:00
[2024-09-14T05:03:04.636+0000] {processor.py:208} INFO - Processing /opt/airflow/dags/welcome_dag.py took 0.140 seconds
[2024-09-14T05:03:34.905+0000] {processor.py:186} INFO - Started process (PID=219) to work on /opt/airflow/dags/welcome_dag.py
[2024-09-14T05:03:34.906+0000] {processor.py:914} INFO - Processing file /opt/airflow/dags/welcome_dag.py for tasks to queue
[2024-09-14T05:03:34.908+0000] {logging_mixin.py:190} INFO - [2024-09-14T05:03:34.907+0000] {dagbag.py:587} INFO - Filling up the DagBag from /opt/airflow/dags/welcome_dag.py
[2024-09-14T05:03:34.927+0000] {processor.py:925} INFO - DAG(s) 'welcome_dag' retrieved from /opt/airflow/dags/welcome_dag.py
[2024-09-14T05:03:34.946+0000] {logging_mixin.py:190} INFO - [2024-09-14T05:03:34.946+0000] {dag.py:3229} INFO - Sync 1 DAGs
[2024-09-14T05:03:34.966+0000] {logging_mixin.py:190} INFO - [2024-09-14T05:03:34.965+0000] {dag.py:4156} INFO - Setting next_dagrun for welcome_dag to 2024-09-13 23:00:00+00:00, run_after=2024-09-14 23:00:00+00:00
[2024-09-14T05:03:35.021+0000] {processor.py:208} INFO - Processing /opt/airflow/dags/welcome_dag.py took 0.120 seconds
[2024-09-14T05:04:05.774+0000] {processor.py:186} INFO - Started process (PID=220) to work on /opt/airflow/dags/welcome_dag.py
[2024-09-14T05:04:05.779+0000] {processor.py:914} INFO - Processing file /opt/airflow/dags/welcome_dag.py for tasks to queue
[2024-09-14T05:04:05.783+0000] {logging_mixin.py:190} INFO - [2024-09-14T05:04:05.783+0000] {dagbag.py:587} INFO - Filling up the DagBag from /opt/airflow/dags/welcome_dag.py
[2024-09-14T05:04:05.992+0000] {processor.py:925} INFO - DAG(s) 'welcome_dag' retrieved from /opt/airflow/dags/welcome_dag.py
[2024-09-14T05:04:06.034+0000] {logging_mixin.py:190} INFO - [2024-09-14T05:04:06.034+0000] {dag.py:3229} INFO - Sync 1 DAGs
[2024-09-14T05:04:06.171+0000] {logging_mixin.py:190} INFO - [2024-09-14T05:04:06.171+0000] {dag.py:4156} INFO - Setting next_dagrun for welcome_dag to 2024-09-13 23:00:00+00:00, run_after=2024-09-14 23:00:00+00:00
[2024-09-14T05:04:06.340+0000] {processor.py:208} INFO - Processing /opt/airflow/dags/welcome_dag.py took 0.570 seconds
[2024-09-14T05:04:37.195+0000] {processor.py:186} INFO - Started process (PID=221) to work on /opt/airflow/dags/welcome_dag.py
[2024-09-14T05:04:37.199+0000] {processor.py:914} INFO - Processing file /opt/airflow/dags/welcome_dag.py for tasks to queue
[2024-09-14T05:04:37.204+0000] {logging_mixin.py:190} INFO - [2024-09-14T05:04:37.203+0000] {dagbag.py:587} INFO - Filling up the DagBag from /opt/airflow/dags/welcome_dag.py
[2024-09-14T05:04:37.454+0000] {processor.py:925} INFO - DAG(s) 'welcome_dag' retrieved from /opt/airflow/dags/welcome_dag.py
[2024-09-14T05:04:37.632+0000] {logging_mixin.py:190} INFO - [2024-09-14T05:04:37.631+0000] {dag.py:3229} INFO - Sync 1 DAGs
[2024-09-14T05:04:37.725+0000] {logging_mixin.py:190} INFO - [2024-09-14T05:04:37.725+0000] {dag.py:4156} INFO - Setting next_dagrun for welcome_dag to 2024-09-13 23:00:00+00:00, run_after=2024-09-14 23:00:00+00:00
[2024-09-14T05:04:37.916+0000] {processor.py:208} INFO - Processing /opt/airflow/dags/welcome_dag.py took 0.727 seconds
[2024-09-14T05:05:08.961+0000] {processor.py:186} INFO - Started process (PID=222) to work on /opt/airflow/dags/welcome_dag.py
[2024-09-14T05:05:08.968+0000] {processor.py:914} INFO - Processing file /opt/airflow/dags/welcome_dag.py for tasks to queue
[2024-09-14T05:05:08.978+0000] {logging_mixin.py:190} INFO - [2024-09-14T05:05:08.977+0000] {dagbag.py:587} INFO - Filling up the DagBag from /opt/airflow/dags/welcome_dag.py
[2024-09-14T05:05:09.202+0000] {processor.py:925} INFO - DAG(s) 'welcome_dag' retrieved from /opt/airflow/dags/welcome_dag.py
[2024-09-14T05:05:09.360+0000] {logging_mixin.py:190} INFO - [2024-09-14T05:05:09.360+0000] {dag.py:3229} INFO - Sync 1 DAGs
[2024-09-14T05:05:09.415+0000] {logging_mixin.py:190} INFO - [2024-09-14T05:05:09.415+0000] {dag.py:4156} INFO - Setting next_dagrun for welcome_dag to 2024-09-13 23:00:00+00:00, run_after=2024-09-14 23:00:00+00:00
[2024-09-14T05:05:09.479+0000] {processor.py:208} INFO - Processing /opt/airflow/dags/welcome_dag.py took 0.522 seconds
[2024-09-14T05:05:40.612+0000] {processor.py:186} INFO - Started process (PID=223) to work on /opt/airflow/dags/welcome_dag.py
[2024-09-14T05:05:40.614+0000] {processor.py:914} INFO - Processing file /opt/airflow/dags/welcome_dag.py for tasks to queue
[2024-09-14T05:05:40.621+0000] {logging_mixin.py:190} INFO - [2024-09-14T05:05:40.621+0000] {dagbag.py:587} INFO - Filling up the DagBag from /opt/airflow/dags/welcome_dag.py
[2024-09-14T05:05:40.859+0000] {processor.py:925} INFO - DAG(s) 'welcome_dag' retrieved from /opt/airflow/dags/welcome_dag.py
[2024-09-14T05:05:41.034+0000] {logging_mixin.py:190} INFO - [2024-09-14T05:05:41.034+0000] {dag.py:3229} INFO - Sync 1 DAGs
[2024-09-14T05:05:41.148+0000] {logging_mixin.py:190} INFO - [2024-09-14T05:05:41.148+0000] {dag.py:4156} INFO - Setting next_dagrun for welcome_dag to 2024-09-13 23:00:00+00:00, run_after=2024-09-14 23:00:00+00:00
[2024-09-14T05:05:41.415+0000] {processor.py:208} INFO - Processing /opt/airflow/dags/welcome_dag.py took 0.807 seconds
[2024-09-14T05:06:12.917+0000] {processor.py:186} INFO - Started process (PID=224) to work on /opt/airflow/dags/welcome_dag.py
[2024-09-14T05:06:12.919+0000] {processor.py:914} INFO - Processing file /opt/airflow/dags/welcome_dag.py for tasks to queue
[2024-09-14T05:06:12.921+0000] {logging_mixin.py:190} INFO - [2024-09-14T05:06:12.921+0000] {dagbag.py:587} INFO - Filling up the DagBag from /opt/airflow/dags/welcome_dag.py
[2024-09-14T05:06:13.139+0000] {processor.py:925} INFO - DAG(s) 'welcome_dag' retrieved from /opt/airflow/dags/welcome_dag.py
[2024-09-14T05:06:13.330+0000] {logging_mixin.py:190} INFO - [2024-09-14T05:06:13.330+0000] {dag.py:3229} INFO - Sync 1 DAGs
[2024-09-14T05:06:13.467+0000] {logging_mixin.py:190} INFO - [2024-09-14T05:06:13.466+0000] {dag.py:4156} INFO - Setting next_dagrun for welcome_dag to 2024-09-13 23:00:00+00:00, run_after=2024-09-14 23:00:00+00:00
[2024-09-14T05:06:13.691+0000] {processor.py:208} INFO - Processing /opt/airflow/dags/welcome_dag.py took 0.778 seconds
[2024-09-14T05:06:43.911+0000] {processor.py:186} INFO - Started process (PID=225) to work on /opt/airflow/dags/welcome_dag.py
[2024-09-14T05:06:43.912+0000] {processor.py:914} INFO - Processing file /opt/airflow/dags/welcome_dag.py for tasks to queue
[2024-09-14T05:06:43.914+0000] {logging_mixin.py:190} INFO - [2024-09-14T05:06:43.914+0000] {dagbag.py:587} INFO - Filling up the DagBag from /opt/airflow/dags/welcome_dag.py
[2024-09-14T05:06:43.930+0000] {processor.py:925} INFO - DAG(s) 'welcome_dag' retrieved from /opt/airflow/dags/welcome_dag.py
[2024-09-14T05:06:43.950+0000] {logging_mixin.py:190} INFO - [2024-09-14T05:06:43.949+0000] {dag.py:3229} INFO - Sync 1 DAGs
[2024-09-14T05:06:43.968+0000] {logging_mixin.py:190} INFO - [2024-09-14T05:06:43.968+0000] {dag.py:4156} INFO - Setting next_dagrun for welcome_dag to 2024-09-13 23:00:00+00:00, run_after=2024-09-14 23:00:00+00:00
[2024-09-14T05:06:44.040+0000] {processor.py:208} INFO - Processing /opt/airflow/dags/welcome_dag.py took 0.132 seconds
[2024-09-14T05:07:14.129+0000] {processor.py:186} INFO - Started process (PID=226) to work on /opt/airflow/dags/welcome_dag.py
[2024-09-14T05:07:14.130+0000] {processor.py:914} INFO - Processing file /opt/airflow/dags/welcome_dag.py for tasks to queue
[2024-09-14T05:07:14.133+0000] {logging_mixin.py:190} INFO - [2024-09-14T05:07:14.132+0000] {dagbag.py:587} INFO - Filling up the DagBag from /opt/airflow/dags/welcome_dag.py
[2024-09-14T05:07:14.150+0000] {processor.py:925} INFO - DAG(s) 'welcome_dag' retrieved from /opt/airflow/dags/welcome_dag.py
[2024-09-14T05:07:14.169+0000] {logging_mixin.py:190} INFO - [2024-09-14T05:07:14.169+0000] {dag.py:3229} INFO - Sync 1 DAGs
[2024-09-14T05:07:14.188+0000] {logging_mixin.py:190} INFO - [2024-09-14T05:07:14.188+0000] {dag.py:4156} INFO - Setting next_dagrun for welcome_dag to 2024-09-13 23:00:00+00:00, run_after=2024-09-14 23:00:00+00:00
[2024-09-14T05:07:14.246+0000] {processor.py:208} INFO - Processing /opt/airflow/dags/welcome_dag.py took 0.120 seconds
[2024-09-14T05:07:44.525+0000] {processor.py:186} INFO - Started process (PID=227) to work on /opt/airflow/dags/welcome_dag.py
[2024-09-14T05:07:44.526+0000] {processor.py:914} INFO - Processing file /opt/airflow/dags/welcome_dag.py for tasks to queue
[2024-09-14T05:07:44.528+0000] {logging_mixin.py:190} INFO - [2024-09-14T05:07:44.528+0000] {dagbag.py:587} INFO - Filling up the DagBag from /opt/airflow/dags/welcome_dag.py
[2024-09-14T05:07:44.545+0000] {processor.py:925} INFO - DAG(s) 'welcome_dag' retrieved from /opt/airflow/dags/welcome_dag.py
[2024-09-14T05:07:44.576+0000] {logging_mixin.py:190} INFO - [2024-09-14T05:07:44.575+0000] {dag.py:3229} INFO - Sync 1 DAGs
[2024-09-14T05:07:44.610+0000] {logging_mixin.py:190} INFO - [2024-09-14T05:07:44.610+0000] {dag.py:4156} INFO - Setting next_dagrun for welcome_dag to 2024-09-13 23:00:00+00:00, run_after=2024-09-14 23:00:00+00:00
[2024-09-14T05:07:44.708+0000] {processor.py:208} INFO - Processing /opt/airflow/dags/welcome_dag.py took 0.186 seconds
[2024-09-14T05:08:14.928+0000] {processor.py:186} INFO - Started process (PID=228) to work on /opt/airflow/dags/welcome_dag.py
[2024-09-14T05:08:14.930+0000] {processor.py:914} INFO - Processing file /opt/airflow/dags/welcome_dag.py for tasks to queue
[2024-09-14T05:08:14.932+0000] {logging_mixin.py:190} INFO - [2024-09-14T05:08:14.931+0000] {dagbag.py:587} INFO - Filling up the DagBag from /opt/airflow/dags/welcome_dag.py
[2024-09-14T05:08:14.955+0000] {processor.py:925} INFO - DAG(s) 'welcome_dag' retrieved from /opt/airflow/dags/welcome_dag.py
[2024-09-14T05:08:14.983+0000] {logging_mixin.py:190} INFO - [2024-09-14T05:08:14.983+0000] {dag.py:3229} INFO - Sync 1 DAGs
[2024-09-14T05:08:15.011+0000] {logging_mixin.py:190} INFO - [2024-09-14T05:08:15.011+0000] {dag.py:4156} INFO - Setting next_dagrun for welcome_dag to 2024-09-13 23:00:00+00:00, run_after=2024-09-14 23:00:00+00:00
[2024-09-14T05:08:15.103+0000] {processor.py:208} INFO - Processing /opt/airflow/dags/welcome_dag.py took 0.179 seconds
[2024-09-14T05:08:45.476+0000] {processor.py:186} INFO - Started process (PID=229) to work on /opt/airflow/dags/welcome_dag.py
[2024-09-14T05:08:45.477+0000] {processor.py:914} INFO - Processing file /opt/airflow/dags/welcome_dag.py for tasks to queue
[2024-09-14T05:08:45.479+0000] {logging_mixin.py:190} INFO - [2024-09-14T05:08:45.478+0000] {dagbag.py:587} INFO - Filling up the DagBag from /opt/airflow/dags/welcome_dag.py
[2024-09-14T05:08:45.503+0000] {processor.py:925} INFO - DAG(s) 'welcome_dag' retrieved from /opt/airflow/dags/welcome_dag.py
[2024-09-14T05:08:45.525+0000] {logging_mixin.py:190} INFO - [2024-09-14T05:08:45.524+0000] {dag.py:3229} INFO - Sync 1 DAGs
[2024-09-14T05:08:45.547+0000] {logging_mixin.py:190} INFO - [2024-09-14T05:08:45.546+0000] {dag.py:4156} INFO - Setting next_dagrun for welcome_dag to 2024-09-13 23:00:00+00:00, run_after=2024-09-14 23:00:00+00:00
[2024-09-14T05:08:45.601+0000] {processor.py:208} INFO - Processing /opt/airflow/dags/welcome_dag.py took 0.129 seconds
[2024-09-14T05:09:15.787+0000] {processor.py:186} INFO - Started process (PID=230) to work on /opt/airflow/dags/welcome_dag.py
[2024-09-14T05:09:15.788+0000] {processor.py:914} INFO - Processing file /opt/airflow/dags/welcome_dag.py for tasks to queue
[2024-09-14T05:09:15.790+0000] {logging_mixin.py:190} INFO - [2024-09-14T05:09:15.790+0000] {dagbag.py:587} INFO - Filling up the DagBag from /opt/airflow/dags/welcome_dag.py
[2024-09-14T05:09:15.851+0000] {processor.py:925} INFO - DAG(s) 'welcome_dag' retrieved from /opt/airflow/dags/welcome_dag.py
[2024-09-14T05:09:15.912+0000] {logging_mixin.py:190} INFO - [2024-09-14T05:09:15.911+0000] {dag.py:3229} INFO - Sync 1 DAGs
[2024-09-14T05:09:15.938+0000] {logging_mixin.py:190} INFO - [2024-09-14T05:09:15.938+0000] {dag.py:4156} INFO - Setting next_dagrun for welcome_dag to 2024-09-13 23:00:00+00:00, run_after=2024-09-14 23:00:00+00:00
[2024-09-14T05:09:16.039+0000] {processor.py:208} INFO - Processing /opt/airflow/dags/welcome_dag.py took 0.256 seconds
[2024-09-14T05:09:46.295+0000] {processor.py:186} INFO - Started process (PID=231) to work on /opt/airflow/dags/welcome_dag.py
[2024-09-14T05:09:46.295+0000] {processor.py:914} INFO - Processing file /opt/airflow/dags/welcome_dag.py for tasks to queue
[2024-09-14T05:09:46.297+0000] {logging_mixin.py:190} INFO - [2024-09-14T05:09:46.297+0000] {dagbag.py:587} INFO - Filling up the DagBag from /opt/airflow/dags/welcome_dag.py
[2024-09-14T05:09:46.314+0000] {processor.py:925} INFO - DAG(s) 'welcome_dag' retrieved from /opt/airflow/dags/welcome_dag.py
[2024-09-14T05:09:46.334+0000] {logging_mixin.py:190} INFO - [2024-09-14T05:09:46.334+0000] {dag.py:3229} INFO - Sync 1 DAGs
[2024-09-14T05:09:46.352+0000] {logging_mixin.py:190} INFO - [2024-09-14T05:09:46.351+0000] {dag.py:4156} INFO - Setting next_dagrun for welcome_dag to 2024-09-13 23:00:00+00:00, run_after=2024-09-14 23:00:00+00:00
[2024-09-14T05:09:46.407+0000] {processor.py:208} INFO - Processing /opt/airflow/dags/welcome_dag.py took 0.116 seconds
[2024-09-14T05:10:16.660+0000] {processor.py:186} INFO - Started process (PID=232) to work on /opt/airflow/dags/welcome_dag.py
[2024-09-14T05:10:16.661+0000] {processor.py:914} INFO - Processing file /opt/airflow/dags/welcome_dag.py for tasks to queue
[2024-09-14T05:10:16.663+0000] {logging_mixin.py:190} INFO - [2024-09-14T05:10:16.663+0000] {dagbag.py:587} INFO - Filling up the DagBag from /opt/airflow/dags/welcome_dag.py
[2024-09-14T05:10:16.680+0000] {processor.py:925} INFO - DAG(s) 'welcome_dag' retrieved from /opt/airflow/dags/welcome_dag.py
[2024-09-14T05:10:16.701+0000] {logging_mixin.py:190} INFO - [2024-09-14T05:10:16.701+0000] {dag.py:3229} INFO - Sync 1 DAGs
[2024-09-14T05:10:16.719+0000] {logging_mixin.py:190} INFO - [2024-09-14T05:10:16.719+0000] {dag.py:4156} INFO - Setting next_dagrun for welcome_dag to 2024-09-13 23:00:00+00:00, run_after=2024-09-14 23:00:00+00:00
[2024-09-14T05:10:16.797+0000] {processor.py:208} INFO - Processing /opt/airflow/dags/welcome_dag.py took 0.141 seconds
[2024-09-14T05:10:47.070+0000] {processor.py:186} INFO - Started process (PID=233) to work on /opt/airflow/dags/welcome_dag.py
[2024-09-14T05:10:47.071+0000] {processor.py:914} INFO - Processing file /opt/airflow/dags/welcome_dag.py for tasks to queue
[2024-09-14T05:10:47.073+0000] {logging_mixin.py:190} INFO - [2024-09-14T05:10:47.073+0000] {dagbag.py:587} INFO - Filling up the DagBag from /opt/airflow/dags/welcome_dag.py
[2024-09-14T05:10:47.091+0000] {processor.py:925} INFO - DAG(s) 'welcome_dag' retrieved from /opt/airflow/dags/welcome_dag.py
[2024-09-14T05:10:47.115+0000] {logging_mixin.py:190} INFO - [2024-09-14T05:10:47.115+0000] {dag.py:3229} INFO - Sync 1 DAGs
[2024-09-14T05:10:47.135+0000] {logging_mixin.py:190} INFO - [2024-09-14T05:10:47.135+0000] {dag.py:4156} INFO - Setting next_dagrun for welcome_dag to 2024-09-13 23:00:00+00:00, run_after=2024-09-14 23:00:00+00:00
[2024-09-14T05:10:47.261+0000] {processor.py:208} INFO - Processing /opt/airflow/dags/welcome_dag.py took 0.195 seconds
[2024-09-14T05:11:17.516+0000] {processor.py:186} INFO - Started process (PID=234) to work on /opt/airflow/dags/welcome_dag.py
[2024-09-14T05:11:17.517+0000] {processor.py:914} INFO - Processing file /opt/airflow/dags/welcome_dag.py for tasks to queue
[2024-09-14T05:11:17.519+0000] {logging_mixin.py:190} INFO - [2024-09-14T05:11:17.519+0000] {dagbag.py:587} INFO - Filling up the DagBag from /opt/airflow/dags/welcome_dag.py
[2024-09-14T05:11:17.540+0000] {processor.py:925} INFO - DAG(s) 'welcome_dag' retrieved from /opt/airflow/dags/welcome_dag.py
[2024-09-14T05:11:17.561+0000] {logging_mixin.py:190} INFO - [2024-09-14T05:11:17.561+0000] {dag.py:3229} INFO - Sync 1 DAGs
[2024-09-14T05:11:17.579+0000] {logging_mixin.py:190} INFO - [2024-09-14T05:11:17.579+0000] {dag.py:4156} INFO - Setting next_dagrun for welcome_dag to 2024-09-13 23:00:00+00:00, run_after=2024-09-14 23:00:00+00:00
[2024-09-14T05:11:17.653+0000] {processor.py:208} INFO - Processing /opt/airflow/dags/welcome_dag.py took 0.141 seconds
[2024-09-14T05:11:47.893+0000] {processor.py:186} INFO - Started process (PID=235) to work on /opt/airflow/dags/welcome_dag.py
[2024-09-14T05:11:47.894+0000] {processor.py:914} INFO - Processing file /opt/airflow/dags/welcome_dag.py for tasks to queue
[2024-09-14T05:11:47.897+0000] {logging_mixin.py:190} INFO - [2024-09-14T05:11:47.896+0000] {dagbag.py:587} INFO - Filling up the DagBag from /opt/airflow/dags/welcome_dag.py
[2024-09-14T05:11:47.915+0000] {processor.py:925} INFO - DAG(s) 'welcome_dag' retrieved from /opt/airflow/dags/welcome_dag.py
[2024-09-14T05:11:47.938+0000] {logging_mixin.py:190} INFO - [2024-09-14T05:11:47.937+0000] {dag.py:3229} INFO - Sync 1 DAGs
[2024-09-14T05:11:47.954+0000] {logging_mixin.py:190} INFO - [2024-09-14T05:11:47.954+0000] {dag.py:4156} INFO - Setting next_dagrun for welcome_dag to 2024-09-13 23:00:00+00:00, run_after=2024-09-14 23:00:00+00:00
[2024-09-14T05:11:48.035+0000] {processor.py:208} INFO - Processing /opt/airflow/dags/welcome_dag.py took 0.146 seconds
[2024-09-14T05:12:18.215+0000] {processor.py:186} INFO - Started process (PID=236) to work on /opt/airflow/dags/welcome_dag.py
[2024-09-14T05:12:18.216+0000] {processor.py:914} INFO - Processing file /opt/airflow/dags/welcome_dag.py for tasks to queue
[2024-09-14T05:12:18.218+0000] {logging_mixin.py:190} INFO - [2024-09-14T05:12:18.217+0000] {dagbag.py:587} INFO - Filling up the DagBag from /opt/airflow/dags/welcome_dag.py
[2024-09-14T05:12:18.235+0000] {processor.py:925} INFO - DAG(s) 'welcome_dag' retrieved from /opt/airflow/dags/welcome_dag.py
[2024-09-14T05:12:18.256+0000] {logging_mixin.py:190} INFO - [2024-09-14T05:12:18.255+0000] {dag.py:3229} INFO - Sync 1 DAGs
[2024-09-14T05:12:18.275+0000] {logging_mixin.py:190} INFO - [2024-09-14T05:12:18.275+0000] {dag.py:4156} INFO - Setting next_dagrun for welcome_dag to 2024-09-13 23:00:00+00:00, run_after=2024-09-14 23:00:00+00:00
[2024-09-14T05:12:18.314+0000] {processor.py:208} INFO - Processing /opt/airflow/dags/welcome_dag.py took 0.102 seconds
[2024-09-14T05:12:48.503+0000] {processor.py:186} INFO - Started process (PID=237) to work on /opt/airflow/dags/welcome_dag.py
[2024-09-14T05:12:48.504+0000] {processor.py:914} INFO - Processing file /opt/airflow/dags/welcome_dag.py for tasks to queue
[2024-09-14T05:12:48.505+0000] {logging_mixin.py:190} INFO - [2024-09-14T05:12:48.505+0000] {dagbag.py:587} INFO - Filling up the DagBag from /opt/airflow/dags/welcome_dag.py
[2024-09-14T05:12:48.523+0000] {processor.py:925} INFO - DAG(s) 'welcome_dag' retrieved from /opt/airflow/dags/welcome_dag.py
[2024-09-14T05:12:48.545+0000] {logging_mixin.py:190} INFO - [2024-09-14T05:12:48.545+0000] {dag.py:3229} INFO - Sync 1 DAGs
[2024-09-14T05:12:48.562+0000] {logging_mixin.py:190} INFO - [2024-09-14T05:12:48.562+0000] {dag.py:4156} INFO - Setting next_dagrun for welcome_dag to 2024-09-13 23:00:00+00:00, run_after=2024-09-14 23:00:00+00:00
[2024-09-14T05:12:48.605+0000] {processor.py:208} INFO - Processing /opt/airflow/dags/welcome_dag.py took 0.106 seconds
[2024-09-14T05:13:18.918+0000] {processor.py:186} INFO - Started process (PID=238) to work on /opt/airflow/dags/welcome_dag.py
[2024-09-14T05:13:18.919+0000] {processor.py:914} INFO - Processing file /opt/airflow/dags/welcome_dag.py for tasks to queue
[2024-09-14T05:13:18.921+0000] {logging_mixin.py:190} INFO - [2024-09-14T05:13:18.921+0000] {dagbag.py:587} INFO - Filling up the DagBag from /opt/airflow/dags/welcome_dag.py
[2024-09-14T05:13:18.941+0000] {processor.py:925} INFO - DAG(s) 'welcome_dag' retrieved from /opt/airflow/dags/welcome_dag.py
[2024-09-14T05:13:18.963+0000] {logging_mixin.py:190} INFO - [2024-09-14T05:13:18.963+0000] {dag.py:3229} INFO - Sync 1 DAGs
[2024-09-14T05:13:18.983+0000] {logging_mixin.py:190} INFO - [2024-09-14T05:13:18.983+0000] {dag.py:4156} INFO - Setting next_dagrun for welcome_dag to 2024-09-13 23:00:00+00:00, run_after=2024-09-14 23:00:00+00:00
[2024-09-14T05:13:19.057+0000] {processor.py:208} INFO - Processing /opt/airflow/dags/welcome_dag.py took 0.142 seconds
[2024-09-14T05:13:49.216+0000] {processor.py:186} INFO - Started process (PID=239) to work on /opt/airflow/dags/welcome_dag.py
[2024-09-14T05:13:49.217+0000] {processor.py:914} INFO - Processing file /opt/airflow/dags/welcome_dag.py for tasks to queue
[2024-09-14T05:13:49.218+0000] {logging_mixin.py:190} INFO - [2024-09-14T05:13:49.218+0000] {dagbag.py:587} INFO - Filling up the DagBag from /opt/airflow/dags/welcome_dag.py
[2024-09-14T05:13:49.236+0000] {processor.py:925} INFO - DAG(s) 'welcome_dag' retrieved from /opt/airflow/dags/welcome_dag.py
[2024-09-14T05:13:49.256+0000] {logging_mixin.py:190} INFO - [2024-09-14T05:13:49.256+0000] {dag.py:3229} INFO - Sync 1 DAGs
[2024-09-14T05:13:49.275+0000] {logging_mixin.py:190} INFO - [2024-09-14T05:13:49.275+0000] {dag.py:4156} INFO - Setting next_dagrun for welcome_dag to 2024-09-13 23:00:00+00:00, run_after=2024-09-14 23:00:00+00:00
[2024-09-14T05:13:49.323+0000] {processor.py:208} INFO - Processing /opt/airflow/dags/welcome_dag.py took 0.111 seconds
[2024-09-14T05:14:19.625+0000] {processor.py:186} INFO - Started process (PID=240) to work on /opt/airflow/dags/welcome_dag.py
[2024-09-14T05:14:19.626+0000] {processor.py:914} INFO - Processing file /opt/airflow/dags/welcome_dag.py for tasks to queue
[2024-09-14T05:14:19.628+0000] {logging_mixin.py:190} INFO - [2024-09-14T05:14:19.628+0000] {dagbag.py:587} INFO - Filling up the DagBag from /opt/airflow/dags/welcome_dag.py
[2024-09-14T05:14:19.653+0000] {processor.py:925} INFO - DAG(s) 'welcome_dag' retrieved from /opt/airflow/dags/welcome_dag.py
[2024-09-14T05:14:19.686+0000] {logging_mixin.py:190} INFO - [2024-09-14T05:14:19.686+0000] {dag.py:3229} INFO - Sync 1 DAGs
[2024-09-14T05:14:19.712+0000] {logging_mixin.py:190} INFO - [2024-09-14T05:14:19.712+0000] {dag.py:4156} INFO - Setting next_dagrun for welcome_dag to 2024-09-13 23:00:00+00:00, run_after=2024-09-14 23:00:00+00:00
[2024-09-14T05:14:19.783+0000] {processor.py:208} INFO - Processing /opt/airflow/dags/welcome_dag.py took 0.162 seconds
[2024-09-14T05:14:49.946+0000] {processor.py:186} INFO - Started process (PID=241) to work on /opt/airflow/dags/welcome_dag.py
[2024-09-14T05:14:49.947+0000] {processor.py:914} INFO - Processing file /opt/airflow/dags/welcome_dag.py for tasks to queue
[2024-09-14T05:14:49.949+0000] {logging_mixin.py:190} INFO - [2024-09-14T05:14:49.949+0000] {dagbag.py:587} INFO - Filling up the DagBag from /opt/airflow/dags/welcome_dag.py
[2024-09-14T05:14:49.967+0000] {processor.py:925} INFO - DAG(s) 'welcome_dag' retrieved from /opt/airflow/dags/welcome_dag.py
[2024-09-14T05:14:49.987+0000] {logging_mixin.py:190} INFO - [2024-09-14T05:14:49.987+0000] {dag.py:3229} INFO - Sync 1 DAGs
[2024-09-14T05:14:50.006+0000] {logging_mixin.py:190} INFO - [2024-09-14T05:14:50.005+0000] {dag.py:4156} INFO - Setting next_dagrun for welcome_dag to 2024-09-13 23:00:00+00:00, run_after=2024-09-14 23:00:00+00:00
[2024-09-14T05:14:50.075+0000] {processor.py:208} INFO - Processing /opt/airflow/dags/welcome_dag.py took 0.132 seconds
[2024-09-14T05:15:20.295+0000] {processor.py:186} INFO - Started process (PID=242) to work on /opt/airflow/dags/welcome_dag.py
[2024-09-14T05:15:20.296+0000] {processor.py:914} INFO - Processing file /opt/airflow/dags/welcome_dag.py for tasks to queue
[2024-09-14T05:15:20.298+0000] {logging_mixin.py:190} INFO - [2024-09-14T05:15:20.297+0000] {dagbag.py:587} INFO - Filling up the DagBag from /opt/airflow/dags/welcome_dag.py
[2024-09-14T05:15:20.316+0000] {processor.py:925} INFO - DAG(s) 'welcome_dag' retrieved from /opt/airflow/dags/welcome_dag.py
[2024-09-14T05:15:20.338+0000] {logging_mixin.py:190} INFO - [2024-09-14T05:15:20.338+0000] {dag.py:3229} INFO - Sync 1 DAGs
[2024-09-14T05:15:20.359+0000] {logging_mixin.py:190} INFO - [2024-09-14T05:15:20.359+0000] {dag.py:4156} INFO - Setting next_dagrun for welcome_dag to 2024-09-13 23:00:00+00:00, run_after=2024-09-14 23:00:00+00:00
[2024-09-14T05:15:20.404+0000] {processor.py:208} INFO - Processing /opt/airflow/dags/welcome_dag.py took 0.112 seconds
[2024-09-14T05:15:50.638+0000] {processor.py:186} INFO - Started process (PID=243) to work on /opt/airflow/dags/welcome_dag.py
[2024-09-14T05:15:50.638+0000] {processor.py:914} INFO - Processing file /opt/airflow/dags/welcome_dag.py for tasks to queue
[2024-09-14T05:15:50.640+0000] {logging_mixin.py:190} INFO - [2024-09-14T05:15:50.640+0000] {dagbag.py:587} INFO - Filling up the DagBag from /opt/airflow/dags/welcome_dag.py
[2024-09-14T05:15:50.658+0000] {processor.py:925} INFO - DAG(s) 'welcome_dag' retrieved from /opt/airflow/dags/welcome_dag.py
[2024-09-14T05:15:50.678+0000] {logging_mixin.py:190} INFO - [2024-09-14T05:15:50.678+0000] {dag.py:3229} INFO - Sync 1 DAGs
[2024-09-14T05:15:50.697+0000] {logging_mixin.py:190} INFO - [2024-09-14T05:15:50.696+0000] {dag.py:4156} INFO - Setting next_dagrun for welcome_dag to 2024-09-13 23:00:00+00:00, run_after=2024-09-14 23:00:00+00:00
[2024-09-14T05:15:50.740+0000] {processor.py:208} INFO - Processing /opt/airflow/dags/welcome_dag.py took 0.106 seconds
[2024-09-14T05:16:20.952+0000] {processor.py:186} INFO - Started process (PID=244) to work on /opt/airflow/dags/welcome_dag.py
[2024-09-14T05:16:20.953+0000] {processor.py:914} INFO - Processing file /opt/airflow/dags/welcome_dag.py for tasks to queue
[2024-09-14T05:16:20.954+0000] {logging_mixin.py:190} INFO - [2024-09-14T05:16:20.954+0000] {dagbag.py:587} INFO - Filling up the DagBag from /opt/airflow/dags/welcome_dag.py
[2024-09-14T05:16:20.972+0000] {processor.py:925} INFO - DAG(s) 'welcome_dag' retrieved from /opt/airflow/dags/welcome_dag.py
[2024-09-14T05:16:20.993+0000] {logging_mixin.py:190} INFO - [2024-09-14T05:16:20.993+0000] {dag.py:3229} INFO - Sync 1 DAGs
[2024-09-14T05:16:21.020+0000] {logging_mixin.py:190} INFO - [2024-09-14T05:16:21.020+0000] {dag.py:4156} INFO - Setting next_dagrun for welcome_dag to 2024-09-13 23:00:00+00:00, run_after=2024-09-14 23:00:00+00:00
[2024-09-14T05:16:21.075+0000] {processor.py:208} INFO - Processing /opt/airflow/dags/welcome_dag.py took 0.127 seconds
[2024-09-14T05:16:51.315+0000] {processor.py:186} INFO - Started process (PID=245) to work on /opt/airflow/dags/welcome_dag.py
[2024-09-14T05:16:51.316+0000] {processor.py:914} INFO - Processing file /opt/airflow/dags/welcome_dag.py for tasks to queue
[2024-09-14T05:16:51.317+0000] {logging_mixin.py:190} INFO - [2024-09-14T05:16:51.317+0000] {dagbag.py:587} INFO - Filling up the DagBag from /opt/airflow/dags/welcome_dag.py
[2024-09-14T05:16:51.336+0000] {processor.py:925} INFO - DAG(s) 'welcome_dag' retrieved from /opt/airflow/dags/welcome_dag.py
[2024-09-14T05:16:51.357+0000] {logging_mixin.py:190} INFO - [2024-09-14T05:16:51.356+0000] {dag.py:3229} INFO - Sync 1 DAGs
[2024-09-14T05:16:51.374+0000] {logging_mixin.py:190} INFO - [2024-09-14T05:16:51.374+0000] {dag.py:4156} INFO - Setting next_dagrun for welcome_dag to 2024-09-13 23:00:00+00:00, run_after=2024-09-14 23:00:00+00:00
[2024-09-14T05:16:51.446+0000] {processor.py:208} INFO - Processing /opt/airflow/dags/welcome_dag.py took 0.135 seconds
[2024-09-14T05:17:21.666+0000] {processor.py:186} INFO - Started process (PID=246) to work on /opt/airflow/dags/welcome_dag.py
[2024-09-14T05:17:21.668+0000] {processor.py:914} INFO - Processing file /opt/airflow/dags/welcome_dag.py for tasks to queue
[2024-09-14T05:17:21.670+0000] {logging_mixin.py:190} INFO - [2024-09-14T05:17:21.669+0000] {dagbag.py:587} INFO - Filling up the DagBag from /opt/airflow/dags/welcome_dag.py
[2024-09-14T05:17:21.687+0000] {processor.py:925} INFO - DAG(s) 'welcome_dag' retrieved from /opt/airflow/dags/welcome_dag.py
[2024-09-14T05:17:21.715+0000] {logging_mixin.py:190} INFO - [2024-09-14T05:17:21.715+0000] {dag.py:3229} INFO - Sync 1 DAGs
[2024-09-14T05:17:21.733+0000] {logging_mixin.py:190} INFO - [2024-09-14T05:17:21.733+0000] {dag.py:4156} INFO - Setting next_dagrun for welcome_dag to 2024-09-13 23:00:00+00:00, run_after=2024-09-14 23:00:00+00:00
[2024-09-14T05:17:21.787+0000] {processor.py:208} INFO - Processing /opt/airflow/dags/welcome_dag.py took 0.125 seconds
[2024-09-14T05:17:51.981+0000] {processor.py:186} INFO - Started process (PID=247) to work on /opt/airflow/dags/welcome_dag.py
[2024-09-14T05:17:51.982+0000] {processor.py:914} INFO - Processing file /opt/airflow/dags/welcome_dag.py for tasks to queue
[2024-09-14T05:17:51.984+0000] {logging_mixin.py:190} INFO - [2024-09-14T05:17:51.983+0000] {dagbag.py:587} INFO - Filling up the DagBag from /opt/airflow/dags/welcome_dag.py
[2024-09-14T05:17:52.009+0000] {processor.py:925} INFO - DAG(s) 'welcome_dag' retrieved from /opt/airflow/dags/welcome_dag.py
[2024-09-14T05:17:52.032+0000] {logging_mixin.py:190} INFO - [2024-09-14T05:17:52.032+0000] {dag.py:3229} INFO - Sync 1 DAGs
[2024-09-14T05:17:52.051+0000] {logging_mixin.py:190} INFO - [2024-09-14T05:17:52.051+0000] {dag.py:4156} INFO - Setting next_dagrun for welcome_dag to 2024-09-13 23:00:00+00:00, run_after=2024-09-14 23:00:00+00:00
[2024-09-14T05:17:52.139+0000] {processor.py:208} INFO - Processing /opt/airflow/dags/welcome_dag.py took 0.161 seconds
[2024-09-14T05:18:22.374+0000] {processor.py:186} INFO - Started process (PID=248) to work on /opt/airflow/dags/welcome_dag.py
[2024-09-14T05:18:22.374+0000] {processor.py:914} INFO - Processing file /opt/airflow/dags/welcome_dag.py for tasks to queue
[2024-09-14T05:18:22.376+0000] {logging_mixin.py:190} INFO - [2024-09-14T05:18:22.376+0000] {dagbag.py:587} INFO - Filling up the DagBag from /opt/airflow/dags/welcome_dag.py
[2024-09-14T05:18:22.399+0000] {processor.py:925} INFO - DAG(s) 'welcome_dag' retrieved from /opt/airflow/dags/welcome_dag.py
[2024-09-14T05:18:22.421+0000] {logging_mixin.py:190} INFO - [2024-09-14T05:18:22.421+0000] {dag.py:3229} INFO - Sync 1 DAGs
[2024-09-14T05:18:22.440+0000] {logging_mixin.py:190} INFO - [2024-09-14T05:18:22.440+0000] {dag.py:4156} INFO - Setting next_dagrun for welcome_dag to 2024-09-13 23:00:00+00:00, run_after=2024-09-14 23:00:00+00:00
[2024-09-14T05:18:22.482+0000] {processor.py:208} INFO - Processing /opt/airflow/dags/welcome_dag.py took 0.112 seconds
[2024-09-14T05:18:52.808+0000] {processor.py:186} INFO - Started process (PID=249) to work on /opt/airflow/dags/welcome_dag.py
[2024-09-14T05:18:52.808+0000] {processor.py:914} INFO - Processing file /opt/airflow/dags/welcome_dag.py for tasks to queue
[2024-09-14T05:18:52.810+0000] {logging_mixin.py:190} INFO - [2024-09-14T05:18:52.810+0000] {dagbag.py:587} INFO - Filling up the DagBag from /opt/airflow/dags/welcome_dag.py
[2024-09-14T05:18:52.835+0000] {processor.py:925} INFO - DAG(s) 'welcome_dag' retrieved from /opt/airflow/dags/welcome_dag.py
[2024-09-14T05:18:52.864+0000] {logging_mixin.py:190} INFO - [2024-09-14T05:18:52.863+0000] {dag.py:3229} INFO - Sync 1 DAGs
[2024-09-14T05:18:52.896+0000] {logging_mixin.py:190} INFO - [2024-09-14T05:18:52.896+0000] {dag.py:4156} INFO - Setting next_dagrun for welcome_dag to 2024-09-13 23:00:00+00:00, run_after=2024-09-14 23:00:00+00:00
[2024-09-14T05:18:52.951+0000] {processor.py:208} INFO - Processing /opt/airflow/dags/welcome_dag.py took 0.153 seconds
[2024-09-14T05:19:23.239+0000] {processor.py:186} INFO - Started process (PID=250) to work on /opt/airflow/dags/welcome_dag.py
[2024-09-14T05:19:23.240+0000] {processor.py:914} INFO - Processing file /opt/airflow/dags/welcome_dag.py for tasks to queue
[2024-09-14T05:19:23.243+0000] {logging_mixin.py:190} INFO - [2024-09-14T05:19:23.242+0000] {dagbag.py:587} INFO - Filling up the DagBag from /opt/airflow/dags/welcome_dag.py
[2024-09-14T05:19:23.270+0000] {processor.py:925} INFO - DAG(s) 'welcome_dag' retrieved from /opt/airflow/dags/welcome_dag.py
[2024-09-14T05:19:23.295+0000] {logging_mixin.py:190} INFO - [2024-09-14T05:19:23.295+0000] {dag.py:3229} INFO - Sync 1 DAGs
[2024-09-14T05:19:23.316+0000] {logging_mixin.py:190} INFO - [2024-09-14T05:19:23.316+0000] {dag.py:4156} INFO - Setting next_dagrun for welcome_dag to 2024-09-13 23:00:00+00:00, run_after=2024-09-14 23:00:00+00:00
[2024-09-14T05:19:23.386+0000] {processor.py:208} INFO - Processing /opt/airflow/dags/welcome_dag.py took 0.153 seconds
[2024-09-14T05:19:53.632+0000] {processor.py:186} INFO - Started process (PID=251) to work on /opt/airflow/dags/welcome_dag.py
[2024-09-14T05:19:53.633+0000] {processor.py:914} INFO - Processing file /opt/airflow/dags/welcome_dag.py for tasks to queue
[2024-09-14T05:19:53.634+0000] {logging_mixin.py:190} INFO - [2024-09-14T05:19:53.634+0000] {dagbag.py:587} INFO - Filling up the DagBag from /opt/airflow/dags/welcome_dag.py
[2024-09-14T05:19:53.653+0000] {processor.py:925} INFO - DAG(s) 'welcome_dag' retrieved from /opt/airflow/dags/welcome_dag.py
[2024-09-14T05:19:53.673+0000] {logging_mixin.py:190} INFO - [2024-09-14T05:19:53.673+0000] {dag.py:3229} INFO - Sync 1 DAGs
[2024-09-14T05:19:53.694+0000] {logging_mixin.py:190} INFO - [2024-09-14T05:19:53.694+0000] {dag.py:4156} INFO - Setting next_dagrun for welcome_dag to 2024-09-13 23:00:00+00:00, run_after=2024-09-14 23:00:00+00:00
[2024-09-14T05:19:53.754+0000] {processor.py:208} INFO - Processing /opt/airflow/dags/welcome_dag.py took 0.126 seconds
[2024-09-14T05:20:23.992+0000] {processor.py:186} INFO - Started process (PID=252) to work on /opt/airflow/dags/welcome_dag.py
[2024-09-14T05:20:23.992+0000] {processor.py:914} INFO - Processing file /opt/airflow/dags/welcome_dag.py for tasks to queue
[2024-09-14T05:20:23.994+0000] {logging_mixin.py:190} INFO - [2024-09-14T05:20:23.994+0000] {dagbag.py:587} INFO - Filling up the DagBag from /opt/airflow/dags/welcome_dag.py
[2024-09-14T05:20:24.020+0000] {processor.py:925} INFO - DAG(s) 'welcome_dag' retrieved from /opt/airflow/dags/welcome_dag.py
[2024-09-14T05:20:24.039+0000] {logging_mixin.py:190} INFO - [2024-09-14T05:20:24.039+0000] {dag.py:3229} INFO - Sync 1 DAGs
[2024-09-14T05:20:24.065+0000] {logging_mixin.py:190} INFO - [2024-09-14T05:20:24.065+0000] {dag.py:4156} INFO - Setting next_dagrun for welcome_dag to 2024-09-13 23:00:00+00:00, run_after=2024-09-14 23:00:00+00:00
[2024-09-14T05:20:24.113+0000] {processor.py:208} INFO - Processing /opt/airflow/dags/welcome_dag.py took 0.125 seconds
[2024-09-14T05:20:54.351+0000] {processor.py:186} INFO - Started process (PID=253) to work on /opt/airflow/dags/welcome_dag.py
[2024-09-14T05:20:54.352+0000] {processor.py:914} INFO - Processing file /opt/airflow/dags/welcome_dag.py for tasks to queue
[2024-09-14T05:20:54.353+0000] {logging_mixin.py:190} INFO - [2024-09-14T05:20:54.353+0000] {dagbag.py:587} INFO - Filling up the DagBag from /opt/airflow/dags/welcome_dag.py
[2024-09-14T05:20:54.372+0000] {processor.py:925} INFO - DAG(s) 'welcome_dag' retrieved from /opt/airflow/dags/welcome_dag.py
[2024-09-14T05:20:54.391+0000] {logging_mixin.py:190} INFO - [2024-09-14T05:20:54.391+0000] {dag.py:3229} INFO - Sync 1 DAGs
[2024-09-14T05:20:54.410+0000] {logging_mixin.py:190} INFO - [2024-09-14T05:20:54.410+0000] {dag.py:4156} INFO - Setting next_dagrun for welcome_dag to 2024-09-13 23:00:00+00:00, run_after=2024-09-14 23:00:00+00:00
[2024-09-14T05:20:54.463+0000] {processor.py:208} INFO - Processing /opt/airflow/dags/welcome_dag.py took 0.115 seconds
[2024-09-14T05:21:24.701+0000] {processor.py:186} INFO - Started process (PID=254) to work on /opt/airflow/dags/welcome_dag.py
[2024-09-14T05:21:24.701+0000] {processor.py:914} INFO - Processing file /opt/airflow/dags/welcome_dag.py for tasks to queue
[2024-09-14T05:21:24.703+0000] {logging_mixin.py:190} INFO - [2024-09-14T05:21:24.703+0000] {dagbag.py:587} INFO - Filling up the DagBag from /opt/airflow/dags/welcome_dag.py
[2024-09-14T05:21:24.719+0000] {processor.py:925} INFO - DAG(s) 'welcome_dag' retrieved from /opt/airflow/dags/welcome_dag.py
[2024-09-14T05:21:24.740+0000] {logging_mixin.py:190} INFO - [2024-09-14T05:21:24.740+0000] {dag.py:3229} INFO - Sync 1 DAGs
[2024-09-14T05:21:24.758+0000] {logging_mixin.py:190} INFO - [2024-09-14T05:21:24.758+0000] {dag.py:4156} INFO - Setting next_dagrun for welcome_dag to 2024-09-13 23:00:00+00:00, run_after=2024-09-14 23:00:00+00:00
[2024-09-14T05:21:24.819+0000] {processor.py:208} INFO - Processing /opt/airflow/dags/welcome_dag.py took 0.123 seconds
[2024-09-14T05:21:55.075+0000] {processor.py:186} INFO - Started process (PID=255) to work on /opt/airflow/dags/welcome_dag.py
[2024-09-14T05:21:55.076+0000] {processor.py:914} INFO - Processing file /opt/airflow/dags/welcome_dag.py for tasks to queue
[2024-09-14T05:21:55.077+0000] {logging_mixin.py:190} INFO - [2024-09-14T05:21:55.077+0000] {dagbag.py:587} INFO - Filling up the DagBag from /opt/airflow/dags/welcome_dag.py
[2024-09-14T05:21:55.095+0000] {processor.py:925} INFO - DAG(s) 'welcome_dag' retrieved from /opt/airflow/dags/welcome_dag.py
[2024-09-14T05:21:55.114+0000] {logging_mixin.py:190} INFO - [2024-09-14T05:21:55.114+0000] {dag.py:3229} INFO - Sync 1 DAGs
[2024-09-14T05:21:55.132+0000] {logging_mixin.py:190} INFO - [2024-09-14T05:21:55.132+0000] {dag.py:4156} INFO - Setting next_dagrun for welcome_dag to 2024-09-13 23:00:00+00:00, run_after=2024-09-14 23:00:00+00:00
[2024-09-14T05:21:55.228+0000] {processor.py:208} INFO - Processing /opt/airflow/dags/welcome_dag.py took 0.156 seconds
[2024-09-14T05:22:25.433+0000] {processor.py:186} INFO - Started process (PID=256) to work on /opt/airflow/dags/welcome_dag.py
[2024-09-14T05:22:25.433+0000] {processor.py:914} INFO - Processing file /opt/airflow/dags/welcome_dag.py for tasks to queue
[2024-09-14T05:22:25.435+0000] {logging_mixin.py:190} INFO - [2024-09-14T05:22:25.435+0000] {dagbag.py:587} INFO - Filling up the DagBag from /opt/airflow/dags/welcome_dag.py
[2024-09-14T05:22:25.453+0000] {processor.py:925} INFO - DAG(s) 'welcome_dag' retrieved from /opt/airflow/dags/welcome_dag.py
[2024-09-14T05:22:25.475+0000] {logging_mixin.py:190} INFO - [2024-09-14T05:22:25.475+0000] {dag.py:3229} INFO - Sync 1 DAGs
[2024-09-14T05:22:25.495+0000] {logging_mixin.py:190} INFO - [2024-09-14T05:22:25.495+0000] {dag.py:4156} INFO - Setting next_dagrun for welcome_dag to 2024-09-13 23:00:00+00:00, run_after=2024-09-14 23:00:00+00:00
[2024-09-14T05:22:25.540+0000] {processor.py:208} INFO - Processing /opt/airflow/dags/welcome_dag.py took 0.111 seconds
[2024-09-14T05:22:55.791+0000] {processor.py:186} INFO - Started process (PID=257) to work on /opt/airflow/dags/welcome_dag.py
[2024-09-14T05:22:55.792+0000] {processor.py:914} INFO - Processing file /opt/airflow/dags/welcome_dag.py for tasks to queue
[2024-09-14T05:22:55.794+0000] {logging_mixin.py:190} INFO - [2024-09-14T05:22:55.794+0000] {dagbag.py:587} INFO - Filling up the DagBag from /opt/airflow/dags/welcome_dag.py
[2024-09-14T05:22:55.824+0000] {processor.py:925} INFO - DAG(s) 'welcome_dag' retrieved from /opt/airflow/dags/welcome_dag.py
[2024-09-14T05:22:55.846+0000] {logging_mixin.py:190} INFO - [2024-09-14T05:22:55.846+0000] {dag.py:3229} INFO - Sync 1 DAGs
[2024-09-14T05:22:55.866+0000] {logging_mixin.py:190} INFO - [2024-09-14T05:22:55.866+0000] {dag.py:4156} INFO - Setting next_dagrun for welcome_dag to 2024-09-13 23:00:00+00:00, run_after=2024-09-14 23:00:00+00:00
[2024-09-14T05:22:55.959+0000] {processor.py:208} INFO - Processing /opt/airflow/dags/welcome_dag.py took 0.171 seconds
[2024-09-14T05:23:26.168+0000] {processor.py:186} INFO - Started process (PID=258) to work on /opt/airflow/dags/welcome_dag.py
[2024-09-14T05:23:26.169+0000] {processor.py:914} INFO - Processing file /opt/airflow/dags/welcome_dag.py for tasks to queue
[2024-09-14T05:23:26.172+0000] {logging_mixin.py:190} INFO - [2024-09-14T05:23:26.171+0000] {dagbag.py:587} INFO - Filling up the DagBag from /opt/airflow/dags/welcome_dag.py
[2024-09-14T05:23:26.190+0000] {processor.py:925} INFO - DAG(s) 'welcome_dag' retrieved from /opt/airflow/dags/welcome_dag.py
[2024-09-14T05:23:26.215+0000] {logging_mixin.py:190} INFO - [2024-09-14T05:23:26.215+0000] {dag.py:3229} INFO - Sync 1 DAGs
[2024-09-14T05:23:26.236+0000] {logging_mixin.py:190} INFO - [2024-09-14T05:23:26.236+0000] {dag.py:4156} INFO - Setting next_dagrun for welcome_dag to 2024-09-13 23:00:00+00:00, run_after=2024-09-14 23:00:00+00:00
[2024-09-14T05:23:26.283+0000] {processor.py:208} INFO - Processing /opt/airflow/dags/welcome_dag.py took 0.120 seconds
[2024-09-14T05:23:56.534+0000] {processor.py:186} INFO - Started process (PID=259) to work on /opt/airflow/dags/welcome_dag.py
[2024-09-14T05:23:56.534+0000] {processor.py:914} INFO - Processing file /opt/airflow/dags/welcome_dag.py for tasks to queue
[2024-09-14T05:23:56.536+0000] {logging_mixin.py:190} INFO - [2024-09-14T05:23:56.536+0000] {dagbag.py:587} INFO - Filling up the DagBag from /opt/airflow/dags/welcome_dag.py
[2024-09-14T05:23:56.555+0000] {processor.py:925} INFO - DAG(s) 'welcome_dag' retrieved from /opt/airflow/dags/welcome_dag.py
[2024-09-14T05:23:56.578+0000] {logging_mixin.py:190} INFO - [2024-09-14T05:23:56.578+0000] {dag.py:3229} INFO - Sync 1 DAGs
[2024-09-14T05:23:56.597+0000] {logging_mixin.py:190} INFO - [2024-09-14T05:23:56.597+0000] {dag.py:4156} INFO - Setting next_dagrun for welcome_dag to 2024-09-13 23:00:00+00:00, run_after=2024-09-14 23:00:00+00:00
[2024-09-14T05:23:56.653+0000] {processor.py:208} INFO - Processing /opt/airflow/dags/welcome_dag.py took 0.124 seconds
[2024-09-14T05:24:26.951+0000] {processor.py:186} INFO - Started process (PID=260) to work on /opt/airflow/dags/welcome_dag.py
[2024-09-14T05:24:26.951+0000] {processor.py:914} INFO - Processing file /opt/airflow/dags/welcome_dag.py for tasks to queue
[2024-09-14T05:24:26.953+0000] {logging_mixin.py:190} INFO - [2024-09-14T05:24:26.953+0000] {dagbag.py:587} INFO - Filling up the DagBag from /opt/airflow/dags/welcome_dag.py
[2024-09-14T05:24:26.971+0000] {processor.py:925} INFO - DAG(s) 'welcome_dag' retrieved from /opt/airflow/dags/welcome_dag.py
[2024-09-14T05:24:26.993+0000] {logging_mixin.py:190} INFO - [2024-09-14T05:24:26.992+0000] {dag.py:3229} INFO - Sync 1 DAGs
[2024-09-14T05:24:27.017+0000] {logging_mixin.py:190} INFO - [2024-09-14T05:24:27.016+0000] {dag.py:4156} INFO - Setting next_dagrun for welcome_dag to 2024-09-13 23:00:00+00:00, run_after=2024-09-14 23:00:00+00:00
[2024-09-14T05:24:27.118+0000] {processor.py:208} INFO - Processing /opt/airflow/dags/welcome_dag.py took 0.172 seconds
[2024-09-14T05:24:57.291+0000] {processor.py:186} INFO - Started process (PID=261) to work on /opt/airflow/dags/welcome_dag.py
[2024-09-14T05:24:57.292+0000] {processor.py:914} INFO - Processing file /opt/airflow/dags/welcome_dag.py for tasks to queue
[2024-09-14T05:24:57.293+0000] {logging_mixin.py:190} INFO - [2024-09-14T05:24:57.293+0000] {dagbag.py:587} INFO - Filling up the DagBag from /opt/airflow/dags/welcome_dag.py
[2024-09-14T05:24:57.314+0000] {processor.py:925} INFO - DAG(s) 'welcome_dag' retrieved from /opt/airflow/dags/welcome_dag.py
[2024-09-14T05:24:57.333+0000] {logging_mixin.py:190} INFO - [2024-09-14T05:24:57.333+0000] {dag.py:3229} INFO - Sync 1 DAGs
[2024-09-14T05:24:57.352+0000] {logging_mixin.py:190} INFO - [2024-09-14T05:24:57.352+0000] {dag.py:4156} INFO - Setting next_dagrun for welcome_dag to 2024-09-13 23:00:00+00:00, run_after=2024-09-14 23:00:00+00:00
[2024-09-14T05:24:57.386+0000] {processor.py:208} INFO - Processing /opt/airflow/dags/welcome_dag.py took 0.099 seconds
[2024-09-14T05:25:27.644+0000] {processor.py:186} INFO - Started process (PID=262) to work on /opt/airflow/dags/welcome_dag.py
[2024-09-14T05:25:27.645+0000] {processor.py:914} INFO - Processing file /opt/airflow/dags/welcome_dag.py for tasks to queue
[2024-09-14T05:25:27.647+0000] {logging_mixin.py:190} INFO - [2024-09-14T05:25:27.646+0000] {dagbag.py:587} INFO - Filling up the DagBag from /opt/airflow/dags/welcome_dag.py
[2024-09-14T05:25:27.663+0000] {processor.py:925} INFO - DAG(s) 'welcome_dag' retrieved from /opt/airflow/dags/welcome_dag.py
[2024-09-14T05:25:27.684+0000] {logging_mixin.py:190} INFO - [2024-09-14T05:25:27.684+0000] {dag.py:3229} INFO - Sync 1 DAGs
[2024-09-14T05:25:27.703+0000] {logging_mixin.py:190} INFO - [2024-09-14T05:25:27.702+0000] {dag.py:4156} INFO - Setting next_dagrun for welcome_dag to 2024-09-13 23:00:00+00:00, run_after=2024-09-14 23:00:00+00:00
[2024-09-14T05:25:27.751+0000] {processor.py:208} INFO - Processing /opt/airflow/dags/welcome_dag.py took 0.111 seconds
[2024-09-14T05:25:57.927+0000] {processor.py:186} INFO - Started process (PID=263) to work on /opt/airflow/dags/welcome_dag.py
[2024-09-14T05:25:57.928+0000] {processor.py:914} INFO - Processing file /opt/airflow/dags/welcome_dag.py for tasks to queue
[2024-09-14T05:25:57.930+0000] {logging_mixin.py:190} INFO - [2024-09-14T05:25:57.930+0000] {dagbag.py:587} INFO - Filling up the DagBag from /opt/airflow/dags/welcome_dag.py
[2024-09-14T05:25:57.947+0000] {processor.py:925} INFO - DAG(s) 'welcome_dag' retrieved from /opt/airflow/dags/welcome_dag.py
[2024-09-14T05:25:57.968+0000] {logging_mixin.py:190} INFO - [2024-09-14T05:25:57.968+0000] {dag.py:3229} INFO - Sync 1 DAGs
[2024-09-14T05:25:57.987+0000] {logging_mixin.py:190} INFO - [2024-09-14T05:25:57.987+0000] {dag.py:4156} INFO - Setting next_dagrun for welcome_dag to 2024-09-13 23:00:00+00:00, run_after=2024-09-14 23:00:00+00:00
[2024-09-14T05:25:58.039+0000] {processor.py:208} INFO - Processing /opt/airflow/dags/welcome_dag.py took 0.116 seconds
[2024-09-14T05:26:28.386+0000] {processor.py:186} INFO - Started process (PID=264) to work on /opt/airflow/dags/welcome_dag.py
[2024-09-14T05:26:28.388+0000] {processor.py:914} INFO - Processing file /opt/airflow/dags/welcome_dag.py for tasks to queue
[2024-09-14T05:26:28.392+0000] {logging_mixin.py:190} INFO - [2024-09-14T05:26:28.392+0000] {dagbag.py:587} INFO - Filling up the DagBag from /opt/airflow/dags/welcome_dag.py
[2024-09-14T05:26:28.421+0000] {processor.py:925} INFO - DAG(s) 'welcome_dag' retrieved from /opt/airflow/dags/welcome_dag.py
[2024-09-14T05:26:28.459+0000] {logging_mixin.py:190} INFO - [2024-09-14T05:26:28.458+0000] {dag.py:3229} INFO - Sync 1 DAGs
[2024-09-14T05:26:28.486+0000] {logging_mixin.py:190} INFO - [2024-09-14T05:26:28.486+0000] {dag.py:4156} INFO - Setting next_dagrun for welcome_dag to 2024-09-13 23:00:00+00:00, run_after=2024-09-14 23:00:00+00:00
[2024-09-14T05:26:28.551+0000] {processor.py:208} INFO - Processing /opt/airflow/dags/welcome_dag.py took 0.173 seconds
[2024-09-14T05:26:58.684+0000] {processor.py:186} INFO - Started process (PID=265) to work on /opt/airflow/dags/welcome_dag.py
[2024-09-14T05:26:58.685+0000] {processor.py:914} INFO - Processing file /opt/airflow/dags/welcome_dag.py for tasks to queue
[2024-09-14T05:26:58.686+0000] {logging_mixin.py:190} INFO - [2024-09-14T05:26:58.686+0000] {dagbag.py:587} INFO - Filling up the DagBag from /opt/airflow/dags/welcome_dag.py
[2024-09-14T05:26:58.706+0000] {processor.py:925} INFO - DAG(s) 'welcome_dag' retrieved from /opt/airflow/dags/welcome_dag.py
[2024-09-14T05:26:58.728+0000] {logging_mixin.py:190} INFO - [2024-09-14T05:26:58.728+0000] {dag.py:3229} INFO - Sync 1 DAGs
[2024-09-14T05:26:58.748+0000] {logging_mixin.py:190} INFO - [2024-09-14T05:26:58.748+0000] {dag.py:4156} INFO - Setting next_dagrun for welcome_dag to 2024-09-13 23:00:00+00:00, run_after=2024-09-14 23:00:00+00:00
[2024-09-14T05:26:58.819+0000] {processor.py:208} INFO - Processing /opt/airflow/dags/welcome_dag.py took 0.139 seconds
[2024-09-14T05:27:29.056+0000] {processor.py:186} INFO - Started process (PID=266) to work on /opt/airflow/dags/welcome_dag.py
[2024-09-14T05:27:29.057+0000] {processor.py:914} INFO - Processing file /opt/airflow/dags/welcome_dag.py for tasks to queue
[2024-09-14T05:27:29.059+0000] {logging_mixin.py:190} INFO - [2024-09-14T05:27:29.059+0000] {dagbag.py:587} INFO - Filling up the DagBag from /opt/airflow/dags/welcome_dag.py
[2024-09-14T05:27:29.078+0000] {processor.py:925} INFO - DAG(s) 'welcome_dag' retrieved from /opt/airflow/dags/welcome_dag.py
[2024-09-14T05:27:29.103+0000] {logging_mixin.py:190} INFO - [2024-09-14T05:27:29.103+0000] {dag.py:3229} INFO - Sync 1 DAGs
[2024-09-14T05:27:29.131+0000] {logging_mixin.py:190} INFO - [2024-09-14T05:27:29.131+0000] {dag.py:4156} INFO - Setting next_dagrun for welcome_dag to 2024-09-13 23:00:00+00:00, run_after=2024-09-14 23:00:00+00:00
[2024-09-14T05:27:29.182+0000] {processor.py:208} INFO - Processing /opt/airflow/dags/welcome_dag.py took 0.131 seconds
[2024-09-14T05:27:59.441+0000] {processor.py:186} INFO - Started process (PID=267) to work on /opt/airflow/dags/welcome_dag.py
[2024-09-14T05:27:59.442+0000] {processor.py:914} INFO - Processing file /opt/airflow/dags/welcome_dag.py for tasks to queue
[2024-09-14T05:27:59.444+0000] {logging_mixin.py:190} INFO - [2024-09-14T05:27:59.444+0000] {dagbag.py:587} INFO - Filling up the DagBag from /opt/airflow/dags/welcome_dag.py
[2024-09-14T05:27:59.472+0000] {processor.py:925} INFO - DAG(s) 'welcome_dag' retrieved from /opt/airflow/dags/welcome_dag.py
[2024-09-14T05:27:59.499+0000] {logging_mixin.py:190} INFO - [2024-09-14T05:27:59.499+0000] {dag.py:3229} INFO - Sync 1 DAGs
[2024-09-14T05:27:59.525+0000] {logging_mixin.py:190} INFO - [2024-09-14T05:27:59.525+0000] {dag.py:4156} INFO - Setting next_dagrun for welcome_dag to 2024-09-13 23:00:00+00:00, run_after=2024-09-14 23:00:00+00:00
[2024-09-14T05:27:59.616+0000] {processor.py:208} INFO - Processing /opt/airflow/dags/welcome_dag.py took 0.179 seconds
[2024-09-14T05:28:29.869+0000] {processor.py:186} INFO - Started process (PID=268) to work on /opt/airflow/dags/welcome_dag.py
[2024-09-14T05:28:29.869+0000] {processor.py:914} INFO - Processing file /opt/airflow/dags/welcome_dag.py for tasks to queue
[2024-09-14T05:28:29.871+0000] {logging_mixin.py:190} INFO - [2024-09-14T05:28:29.871+0000] {dagbag.py:587} INFO - Filling up the DagBag from /opt/airflow/dags/welcome_dag.py
[2024-09-14T05:28:29.890+0000] {processor.py:925} INFO - DAG(s) 'welcome_dag' retrieved from /opt/airflow/dags/welcome_dag.py
[2024-09-14T05:28:29.912+0000] {logging_mixin.py:190} INFO - [2024-09-14T05:28:29.911+0000] {dag.py:3229} INFO - Sync 1 DAGs
[2024-09-14T05:28:29.929+0000] {logging_mixin.py:190} INFO - [2024-09-14T05:28:29.929+0000] {dag.py:4156} INFO - Setting next_dagrun for welcome_dag to 2024-09-13 23:00:00+00:00, run_after=2024-09-14 23:00:00+00:00
[2024-09-14T05:28:29.963+0000] {processor.py:208} INFO - Processing /opt/airflow/dags/welcome_dag.py took 0.098 seconds
[2024-09-14T05:29:00.226+0000] {processor.py:186} INFO - Started process (PID=269) to work on /opt/airflow/dags/welcome_dag.py
[2024-09-14T05:29:00.227+0000] {processor.py:914} INFO - Processing file /opt/airflow/dags/welcome_dag.py for tasks to queue
[2024-09-14T05:29:00.229+0000] {logging_mixin.py:190} INFO - [2024-09-14T05:29:00.229+0000] {dagbag.py:587} INFO - Filling up the DagBag from /opt/airflow/dags/welcome_dag.py
[2024-09-14T05:29:00.246+0000] {processor.py:925} INFO - DAG(s) 'welcome_dag' retrieved from /opt/airflow/dags/welcome_dag.py
[2024-09-14T05:29:00.267+0000] {logging_mixin.py:190} INFO - [2024-09-14T05:29:00.267+0000] {dag.py:3229} INFO - Sync 1 DAGs
[2024-09-14T05:29:00.284+0000] {logging_mixin.py:190} INFO - [2024-09-14T05:29:00.284+0000] {dag.py:4156} INFO - Setting next_dagrun for welcome_dag to 2024-09-13 23:00:00+00:00, run_after=2024-09-14 23:00:00+00:00
[2024-09-14T05:29:00.373+0000] {processor.py:208} INFO - Processing /opt/airflow/dags/welcome_dag.py took 0.150 seconds
[2024-09-14T05:29:30.580+0000] {processor.py:186} INFO - Started process (PID=270) to work on /opt/airflow/dags/welcome_dag.py
[2024-09-14T05:29:30.581+0000] {processor.py:914} INFO - Processing file /opt/airflow/dags/welcome_dag.py for tasks to queue
[2024-09-14T05:29:30.582+0000] {logging_mixin.py:190} INFO - [2024-09-14T05:29:30.582+0000] {dagbag.py:587} INFO - Filling up the DagBag from /opt/airflow/dags/welcome_dag.py
[2024-09-14T05:29:30.600+0000] {processor.py:925} INFO - DAG(s) 'welcome_dag' retrieved from /opt/airflow/dags/welcome_dag.py
[2024-09-14T05:29:30.618+0000] {logging_mixin.py:190} INFO - [2024-09-14T05:29:30.618+0000] {dag.py:3229} INFO - Sync 1 DAGs
[2024-09-14T05:29:30.636+0000] {logging_mixin.py:190} INFO - [2024-09-14T05:29:30.636+0000] {dag.py:4156} INFO - Setting next_dagrun for welcome_dag to 2024-09-13 23:00:00+00:00, run_after=2024-09-14 23:00:00+00:00
[2024-09-14T05:29:30.685+0000] {processor.py:208} INFO - Processing /opt/airflow/dags/welcome_dag.py took 0.109 seconds
[2024-09-14T05:30:00.987+0000] {processor.py:186} INFO - Started process (PID=271) to work on /opt/airflow/dags/welcome_dag.py
[2024-09-14T05:30:00.987+0000] {processor.py:914} INFO - Processing file /opt/airflow/dags/welcome_dag.py for tasks to queue
[2024-09-14T05:30:00.990+0000] {logging_mixin.py:190} INFO - [2024-09-14T05:30:00.989+0000] {dagbag.py:587} INFO - Filling up the DagBag from /opt/airflow/dags/welcome_dag.py
[2024-09-14T05:30:01.024+0000] {processor.py:925} INFO - DAG(s) 'welcome_dag' retrieved from /opt/airflow/dags/welcome_dag.py
[2024-09-14T05:30:01.051+0000] {logging_mixin.py:190} INFO - [2024-09-14T05:30:01.051+0000] {dag.py:3229} INFO - Sync 1 DAGs
[2024-09-14T05:30:01.071+0000] {logging_mixin.py:190} INFO - [2024-09-14T05:30:01.071+0000] {dag.py:4156} INFO - Setting next_dagrun for welcome_dag to 2024-09-13 23:00:00+00:00, run_after=2024-09-14 23:00:00+00:00
[2024-09-14T05:30:01.124+0000] {processor.py:208} INFO - Processing /opt/airflow/dags/welcome_dag.py took 0.143 seconds
[2024-09-14T05:30:31.280+0000] {processor.py:186} INFO - Started process (PID=272) to work on /opt/airflow/dags/welcome_dag.py
[2024-09-14T05:30:31.282+0000] {processor.py:914} INFO - Processing file /opt/airflow/dags/welcome_dag.py for tasks to queue
[2024-09-14T05:30:31.284+0000] {logging_mixin.py:190} INFO - [2024-09-14T05:30:31.284+0000] {dagbag.py:587} INFO - Filling up the DagBag from /opt/airflow/dags/welcome_dag.py
[2024-09-14T05:30:31.303+0000] {processor.py:925} INFO - DAG(s) 'welcome_dag' retrieved from /opt/airflow/dags/welcome_dag.py
[2024-09-14T05:30:31.325+0000] {logging_mixin.py:190} INFO - [2024-09-14T05:30:31.325+0000] {dag.py:3229} INFO - Sync 1 DAGs
[2024-09-14T05:30:31.344+0000] {logging_mixin.py:190} INFO - [2024-09-14T05:30:31.344+0000] {dag.py:4156} INFO - Setting next_dagrun for welcome_dag to 2024-09-13 23:00:00+00:00, run_after=2024-09-14 23:00:00+00:00
[2024-09-14T05:30:31.400+0000] {processor.py:208} INFO - Processing /opt/airflow/dags/welcome_dag.py took 0.124 seconds
[2024-09-14T05:31:01.670+0000] {processor.py:186} INFO - Started process (PID=273) to work on /opt/airflow/dags/welcome_dag.py
[2024-09-14T05:31:01.671+0000] {processor.py:914} INFO - Processing file /opt/airflow/dags/welcome_dag.py for tasks to queue
[2024-09-14T05:31:01.673+0000] {logging_mixin.py:190} INFO - [2024-09-14T05:31:01.672+0000] {dagbag.py:587} INFO - Filling up the DagBag from /opt/airflow/dags/welcome_dag.py
[2024-09-14T05:31:01.691+0000] {processor.py:925} INFO - DAG(s) 'welcome_dag' retrieved from /opt/airflow/dags/welcome_dag.py
[2024-09-14T05:31:01.716+0000] {logging_mixin.py:190} INFO - [2024-09-14T05:31:01.716+0000] {dag.py:3229} INFO - Sync 1 DAGs
[2024-09-14T05:31:01.736+0000] {logging_mixin.py:190} INFO - [2024-09-14T05:31:01.736+0000] {dag.py:4156} INFO - Setting next_dagrun for welcome_dag to 2024-09-13 23:00:00+00:00, run_after=2024-09-14 23:00:00+00:00
[2024-09-14T05:31:01.776+0000] {processor.py:208} INFO - Processing /opt/airflow/dags/welcome_dag.py took 0.110 seconds
[2024-09-14T05:31:32.029+0000] {processor.py:186} INFO - Started process (PID=274) to work on /opt/airflow/dags/welcome_dag.py
[2024-09-14T05:31:32.030+0000] {processor.py:914} INFO - Processing file /opt/airflow/dags/welcome_dag.py for tasks to queue
[2024-09-14T05:31:32.032+0000] {logging_mixin.py:190} INFO - [2024-09-14T05:31:32.032+0000] {dagbag.py:587} INFO - Filling up the DagBag from /opt/airflow/dags/welcome_dag.py
[2024-09-14T05:31:32.080+0000] {processor.py:925} INFO - DAG(s) 'welcome_dag' retrieved from /opt/airflow/dags/welcome_dag.py
[2024-09-14T05:31:32.102+0000] {logging_mixin.py:190} INFO - [2024-09-14T05:31:32.102+0000] {dag.py:3229} INFO - Sync 1 DAGs
[2024-09-14T05:31:32.121+0000] {logging_mixin.py:190} INFO - [2024-09-14T05:31:32.121+0000] {dag.py:4156} INFO - Setting next_dagrun for welcome_dag to 2024-09-13 23:00:00+00:00, run_after=2024-09-14 23:00:00+00:00
[2024-09-14T05:31:32.169+0000] {processor.py:208} INFO - Processing /opt/airflow/dags/welcome_dag.py took 0.144 seconds
[2024-09-14T05:32:02.623+0000] {processor.py:186} INFO - Started process (PID=275) to work on /opt/airflow/dags/welcome_dag.py
[2024-09-14T05:32:02.623+0000] {processor.py:914} INFO - Processing file /opt/airflow/dags/welcome_dag.py for tasks to queue
[2024-09-14T05:32:02.625+0000] {logging_mixin.py:190} INFO - [2024-09-14T05:32:02.625+0000] {dagbag.py:587} INFO - Filling up the DagBag from /opt/airflow/dags/welcome_dag.py
[2024-09-14T05:32:02.686+0000] {processor.py:925} INFO - DAG(s) 'welcome_dag' retrieved from /opt/airflow/dags/welcome_dag.py
[2024-09-14T05:32:02.730+0000] {logging_mixin.py:190} INFO - [2024-09-14T05:32:02.730+0000] {dag.py:3229} INFO - Sync 1 DAGs
[2024-09-14T05:32:02.764+0000] {logging_mixin.py:190} INFO - [2024-09-14T05:32:02.764+0000] {dag.py:4156} INFO - Setting next_dagrun for welcome_dag to 2024-09-13 23:00:00+00:00, run_after=2024-09-14 23:00:00+00:00
[2024-09-14T05:32:02.887+0000] {processor.py:208} INFO - Processing /opt/airflow/dags/welcome_dag.py took 0.270 seconds
[2024-09-14T05:32:33.198+0000] {processor.py:186} INFO - Started process (PID=276) to work on /opt/airflow/dags/welcome_dag.py
[2024-09-14T05:32:33.198+0000] {processor.py:914} INFO - Processing file /opt/airflow/dags/welcome_dag.py for tasks to queue
[2024-09-14T05:32:33.200+0000] {logging_mixin.py:190} INFO - [2024-09-14T05:32:33.200+0000] {dagbag.py:587} INFO - Filling up the DagBag from /opt/airflow/dags/welcome_dag.py
[2024-09-14T05:32:33.228+0000] {processor.py:925} INFO - DAG(s) 'welcome_dag' retrieved from /opt/airflow/dags/welcome_dag.py
[2024-09-14T05:32:33.253+0000] {logging_mixin.py:190} INFO - [2024-09-14T05:32:33.253+0000] {dag.py:3229} INFO - Sync 1 DAGs
[2024-09-14T05:32:33.274+0000] {logging_mixin.py:190} INFO - [2024-09-14T05:32:33.274+0000] {dag.py:4156} INFO - Setting next_dagrun for welcome_dag to 2024-09-13 23:00:00+00:00, run_after=2024-09-14 23:00:00+00:00
[2024-09-14T05:32:33.336+0000] {processor.py:208} INFO - Processing /opt/airflow/dags/welcome_dag.py took 0.142 seconds
[2024-09-14T05:33:04.397+0000] {processor.py:186} INFO - Started process (PID=277) to work on /opt/airflow/dags/welcome_dag.py
[2024-09-14T05:33:04.419+0000] {processor.py:914} INFO - Processing file /opt/airflow/dags/welcome_dag.py for tasks to queue
[2024-09-14T05:33:04.430+0000] {logging_mixin.py:190} INFO - [2024-09-14T05:33:04.430+0000] {dagbag.py:587} INFO - Filling up the DagBag from /opt/airflow/dags/welcome_dag.py
[2024-09-14T05:33:04.476+0000] {processor.py:925} INFO - DAG(s) 'welcome_dag' retrieved from /opt/airflow/dags/welcome_dag.py
[2024-09-14T05:33:04.512+0000] {logging_mixin.py:190} INFO - [2024-09-14T05:33:04.512+0000] {dag.py:3229} INFO - Sync 1 DAGs
[2024-09-14T05:33:04.536+0000] {logging_mixin.py:190} INFO - [2024-09-14T05:33:04.536+0000] {dag.py:4156} INFO - Setting next_dagrun for welcome_dag to 2024-09-13 23:00:00+00:00, run_after=2024-09-14 23:00:00+00:00
[2024-09-14T05:33:04.835+0000] {processor.py:208} INFO - Processing /opt/airflow/dags/welcome_dag.py took 0.442 seconds
[2024-09-14T05:33:36.365+0000] {processor.py:186} INFO - Started process (PID=278) to work on /opt/airflow/dags/welcome_dag.py
[2024-09-14T05:33:36.366+0000] {processor.py:914} INFO - Processing file /opt/airflow/dags/welcome_dag.py for tasks to queue
[2024-09-14T05:33:36.370+0000] {logging_mixin.py:190} INFO - [2024-09-14T05:33:36.370+0000] {dagbag.py:587} INFO - Filling up the DagBag from /opt/airflow/dags/welcome_dag.py
[2024-09-14T05:33:36.496+0000] {processor.py:925} INFO - DAG(s) 'welcome_dag' retrieved from /opt/airflow/dags/welcome_dag.py
[2024-09-14T05:33:36.563+0000] {logging_mixin.py:190} INFO - [2024-09-14T05:33:36.563+0000] {dag.py:3229} INFO - Sync 1 DAGs
[2024-09-14T05:33:36.642+0000] {logging_mixin.py:190} INFO - [2024-09-14T05:33:36.642+0000] {dag.py:4156} INFO - Setting next_dagrun for welcome_dag to 2024-09-13 23:00:00+00:00, run_after=2024-09-14 23:00:00+00:00
[2024-09-14T05:33:36.715+0000] {processor.py:208} INFO - Processing /opt/airflow/dags/welcome_dag.py took 0.355 seconds
[2024-09-14T05:34:08.870+0000] {processor.py:186} INFO - Started process (PID=279) to work on /opt/airflow/dags/welcome_dag.py
[2024-09-14T05:34:08.873+0000] {processor.py:914} INFO - Processing file /opt/airflow/dags/welcome_dag.py for tasks to queue
[2024-09-14T05:34:08.880+0000] {logging_mixin.py:190} INFO - [2024-09-14T05:34:08.879+0000] {dagbag.py:587} INFO - Filling up the DagBag from /opt/airflow/dags/welcome_dag.py
[2024-09-14T05:34:09.087+0000] {processor.py:925} INFO - DAG(s) 'welcome_dag' retrieved from /opt/airflow/dags/welcome_dag.py
[2024-09-14T05:34:09.301+0000] {logging_mixin.py:190} INFO - [2024-09-14T05:34:09.301+0000] {dag.py:3229} INFO - Sync 1 DAGs
[2024-09-14T05:34:09.444+0000] {logging_mixin.py:190} INFO - [2024-09-14T05:34:09.444+0000] {dag.py:4156} INFO - Setting next_dagrun for welcome_dag to 2024-09-13 23:00:00+00:00, run_after=2024-09-14 23:00:00+00:00
[2024-09-14T05:34:09.859+0000] {processor.py:208} INFO - Processing /opt/airflow/dags/welcome_dag.py took 0.994 seconds
[2024-09-14T05:34:40.637+0000] {processor.py:186} INFO - Started process (PID=280) to work on /opt/airflow/dags/welcome_dag.py
[2024-09-14T05:34:40.644+0000] {processor.py:914} INFO - Processing file /opt/airflow/dags/welcome_dag.py for tasks to queue
[2024-09-14T05:34:40.646+0000] {logging_mixin.py:190} INFO - [2024-09-14T05:34:40.646+0000] {dagbag.py:587} INFO - Filling up the DagBag from /opt/airflow/dags/welcome_dag.py
[2024-09-14T05:34:40.933+0000] {processor.py:925} INFO - DAG(s) 'welcome_dag' retrieved from /opt/airflow/dags/welcome_dag.py
[2024-09-14T05:34:41.090+0000] {logging_mixin.py:190} INFO - [2024-09-14T05:34:41.090+0000] {dag.py:3229} INFO - Sync 1 DAGs
[2024-09-14T05:34:41.217+0000] {logging_mixin.py:190} INFO - [2024-09-14T05:34:41.217+0000] {dag.py:4156} INFO - Setting next_dagrun for welcome_dag to 2024-09-13 23:00:00+00:00, run_after=2024-09-14 23:00:00+00:00
[2024-09-14T05:34:41.528+0000] {processor.py:208} INFO - Processing /opt/airflow/dags/welcome_dag.py took 0.897 seconds
[2024-09-14T05:35:13.505+0000] {processor.py:186} INFO - Started process (PID=281) to work on /opt/airflow/dags/welcome_dag.py
[2024-09-14T05:35:13.509+0000] {processor.py:914} INFO - Processing file /opt/airflow/dags/welcome_dag.py for tasks to queue
[2024-09-14T05:35:13.518+0000] {logging_mixin.py:190} INFO - [2024-09-14T05:35:13.518+0000] {dagbag.py:587} INFO - Filling up the DagBag from /opt/airflow/dags/welcome_dag.py
[2024-09-14T05:35:13.801+0000] {processor.py:925} INFO - DAG(s) 'welcome_dag' retrieved from /opt/airflow/dags/welcome_dag.py
[2024-09-14T05:35:13.926+0000] {logging_mixin.py:190} INFO - [2024-09-14T05:35:13.925+0000] {dag.py:3229} INFO - Sync 1 DAGs
[2024-09-14T05:35:13.960+0000] {logging_mixin.py:190} INFO - [2024-09-14T05:35:13.960+0000] {dag.py:4156} INFO - Setting next_dagrun for welcome_dag to 2024-09-13 23:00:00+00:00, run_after=2024-09-14 23:00:00+00:00
[2024-09-14T05:35:14.024+0000] {processor.py:208} INFO - Processing /opt/airflow/dags/welcome_dag.py took 0.524 seconds
[2024-09-14T05:35:44.967+0000] {processor.py:186} INFO - Started process (PID=282) to work on /opt/airflow/dags/welcome_dag.py
[2024-09-14T05:35:44.973+0000] {processor.py:914} INFO - Processing file /opt/airflow/dags/welcome_dag.py for tasks to queue
[2024-09-14T05:35:44.979+0000] {logging_mixin.py:190} INFO - [2024-09-14T05:35:44.979+0000] {dagbag.py:587} INFO - Filling up the DagBag from /opt/airflow/dags/welcome_dag.py
[2024-09-14T05:35:45.196+0000] {processor.py:925} INFO - DAG(s) 'welcome_dag' retrieved from /opt/airflow/dags/welcome_dag.py
[2024-09-14T05:35:45.411+0000] {logging_mixin.py:190} INFO - [2024-09-14T05:35:45.411+0000] {dag.py:3229} INFO - Sync 1 DAGs
[2024-09-14T05:35:45.578+0000] {logging_mixin.py:190} INFO - [2024-09-14T05:35:45.578+0000] {dag.py:4156} INFO - Setting next_dagrun for welcome_dag to 2024-09-13 23:00:00+00:00, run_after=2024-09-14 23:00:00+00:00
[2024-09-14T05:35:45.793+0000] {processor.py:208} INFO - Processing /opt/airflow/dags/welcome_dag.py took 0.830 seconds
[2024-09-14T05:36:17.792+0000] {processor.py:186} INFO - Started process (PID=283) to work on /opt/airflow/dags/welcome_dag.py
[2024-09-14T05:36:17.793+0000] {processor.py:914} INFO - Processing file /opt/airflow/dags/welcome_dag.py for tasks to queue
[2024-09-14T05:36:17.795+0000] {logging_mixin.py:190} INFO - [2024-09-14T05:36:17.795+0000] {dagbag.py:587} INFO - Filling up the DagBag from /opt/airflow/dags/welcome_dag.py
[2024-09-14T05:36:17.948+0000] {processor.py:925} INFO - DAG(s) 'welcome_dag' retrieved from /opt/airflow/dags/welcome_dag.py
[2024-09-14T05:36:18.107+0000] {logging_mixin.py:190} INFO - [2024-09-14T05:36:18.107+0000] {dag.py:3229} INFO - Sync 1 DAGs
[2024-09-14T05:36:18.184+0000] {logging_mixin.py:190} INFO - [2024-09-14T05:36:18.183+0000] {dag.py:4156} INFO - Setting next_dagrun for welcome_dag to 2024-09-13 23:00:00+00:00, run_after=2024-09-14 23:00:00+00:00
[2024-09-14T05:36:18.437+0000] {processor.py:208} INFO - Processing /opt/airflow/dags/welcome_dag.py took 0.651 seconds
[2024-09-14T05:36:49.455+0000] {processor.py:186} INFO - Started process (PID=284) to work on /opt/airflow/dags/welcome_dag.py
[2024-09-14T05:36:49.461+0000] {processor.py:914} INFO - Processing file /opt/airflow/dags/welcome_dag.py for tasks to queue
[2024-09-14T05:36:49.471+0000] {logging_mixin.py:190} INFO - [2024-09-14T05:36:49.471+0000] {dagbag.py:587} INFO - Filling up the DagBag from /opt/airflow/dags/welcome_dag.py
[2024-09-14T05:36:49.617+0000] {processor.py:925} INFO - DAG(s) 'welcome_dag' retrieved from /opt/airflow/dags/welcome_dag.py
[2024-09-14T05:36:49.770+0000] {logging_mixin.py:190} INFO - [2024-09-14T05:36:49.770+0000] {dag.py:3229} INFO - Sync 1 DAGs
[2024-09-14T05:36:49.887+0000] {logging_mixin.py:190} INFO - [2024-09-14T05:36:49.887+0000] {dag.py:4156} INFO - Setting next_dagrun for welcome_dag to 2024-09-13 23:00:00+00:00, run_after=2024-09-14 23:00:00+00:00
[2024-09-14T05:36:50.103+0000] {processor.py:208} INFO - Processing /opt/airflow/dags/welcome_dag.py took 0.652 seconds
[2024-09-14T05:37:21.533+0000] {processor.py:186} INFO - Started process (PID=285) to work on /opt/airflow/dags/welcome_dag.py
[2024-09-14T05:37:21.539+0000] {processor.py:914} INFO - Processing file /opt/airflow/dags/welcome_dag.py for tasks to queue
[2024-09-14T05:37:21.541+0000] {logging_mixin.py:190} INFO - [2024-09-14T05:37:21.541+0000] {dagbag.py:587} INFO - Filling up the DagBag from /opt/airflow/dags/welcome_dag.py
[2024-09-14T05:37:21.802+0000] {processor.py:925} INFO - DAG(s) 'welcome_dag' retrieved from /opt/airflow/dags/welcome_dag.py
[2024-09-14T05:37:21.954+0000] {logging_mixin.py:190} INFO - [2024-09-14T05:37:21.954+0000] {dag.py:3229} INFO - Sync 1 DAGs
[2024-09-14T05:37:22.067+0000] {logging_mixin.py:190} INFO - [2024-09-14T05:37:22.067+0000] {dag.py:4156} INFO - Setting next_dagrun for welcome_dag to 2024-09-13 23:00:00+00:00, run_after=2024-09-14 23:00:00+00:00
[2024-09-14T05:37:22.547+0000] {processor.py:208} INFO - Processing /opt/airflow/dags/welcome_dag.py took 1.018 seconds
[2024-09-14T05:37:52.896+0000] {processor.py:186} INFO - Started process (PID=286) to work on /opt/airflow/dags/welcome_dag.py
[2024-09-14T05:37:52.897+0000] {processor.py:914} INFO - Processing file /opt/airflow/dags/welcome_dag.py for tasks to queue
[2024-09-14T05:37:52.899+0000] {logging_mixin.py:190} INFO - [2024-09-14T05:37:52.898+0000] {dagbag.py:587} INFO - Filling up the DagBag from /opt/airflow/dags/welcome_dag.py
[2024-09-14T05:37:52.932+0000] {processor.py:925} INFO - DAG(s) 'welcome_dag' retrieved from /opt/airflow/dags/welcome_dag.py
[2024-09-14T05:37:52.961+0000] {logging_mixin.py:190} INFO - [2024-09-14T05:37:52.961+0000] {dag.py:3229} INFO - Sync 1 DAGs
[2024-09-14T05:37:52.990+0000] {logging_mixin.py:190} INFO - [2024-09-14T05:37:52.989+0000] {dag.py:4156} INFO - Setting next_dagrun for welcome_dag to 2024-09-13 23:00:00+00:00, run_after=2024-09-14 23:00:00+00:00
[2024-09-14T05:37:53.057+0000] {processor.py:208} INFO - Processing /opt/airflow/dags/welcome_dag.py took 0.165 seconds
[2024-09-14T05:38:25.455+0000] {processor.py:186} INFO - Started process (PID=287) to work on /opt/airflow/dags/welcome_dag.py
[2024-09-14T05:38:25.456+0000] {processor.py:914} INFO - Processing file /opt/airflow/dags/welcome_dag.py for tasks to queue
[2024-09-14T05:38:25.458+0000] {logging_mixin.py:190} INFO - [2024-09-14T05:38:25.458+0000] {dagbag.py:587} INFO - Filling up the DagBag from /opt/airflow/dags/welcome_dag.py
[2024-09-14T05:38:25.802+0000] {processor.py:925} INFO - DAG(s) 'welcome_dag' retrieved from /opt/airflow/dags/welcome_dag.py
[2024-09-14T05:38:26.188+0000] {logging_mixin.py:190} INFO - [2024-09-14T05:38:26.188+0000] {dag.py:3229} INFO - Sync 1 DAGs
[2024-09-14T05:38:26.234+0000] {logging_mixin.py:190} INFO - [2024-09-14T05:38:26.234+0000] {dag.py:4156} INFO - Setting next_dagrun for welcome_dag to 2024-09-13 23:00:00+00:00, run_after=2024-09-14 23:00:00+00:00
[2024-09-14T05:38:26.323+0000] {processor.py:208} INFO - Processing /opt/airflow/dags/welcome_dag.py took 0.872 seconds
[2024-09-14T05:38:57.767+0000] {processor.py:186} INFO - Started process (PID=288) to work on /opt/airflow/dags/welcome_dag.py
[2024-09-14T05:38:57.773+0000] {processor.py:914} INFO - Processing file /opt/airflow/dags/welcome_dag.py for tasks to queue
[2024-09-14T05:38:57.777+0000] {logging_mixin.py:190} INFO - [2024-09-14T05:38:57.776+0000] {dagbag.py:587} INFO - Filling up the DagBag from /opt/airflow/dags/welcome_dag.py
[2024-09-14T05:38:58.075+0000] {processor.py:925} INFO - DAG(s) 'welcome_dag' retrieved from /opt/airflow/dags/welcome_dag.py
[2024-09-14T05:38:58.199+0000] {logging_mixin.py:190} INFO - [2024-09-14T05:38:58.199+0000] {dag.py:3229} INFO - Sync 1 DAGs
[2024-09-14T05:38:58.254+0000] {logging_mixin.py:190} INFO - [2024-09-14T05:38:58.254+0000] {dag.py:4156} INFO - Setting next_dagrun for welcome_dag to 2024-09-13 23:00:00+00:00, run_after=2024-09-14 23:00:00+00:00
[2024-09-14T05:38:58.306+0000] {processor.py:208} INFO - Processing /opt/airflow/dags/welcome_dag.py took 0.544 seconds
[2024-09-14T05:39:30.193+0000] {processor.py:186} INFO - Started process (PID=289) to work on /opt/airflow/dags/welcome_dag.py
[2024-09-14T05:39:30.195+0000] {processor.py:914} INFO - Processing file /opt/airflow/dags/welcome_dag.py for tasks to queue
[2024-09-14T05:39:30.200+0000] {logging_mixin.py:190} INFO - [2024-09-14T05:39:30.200+0000] {dagbag.py:587} INFO - Filling up the DagBag from /opt/airflow/dags/welcome_dag.py
[2024-09-14T05:39:30.405+0000] {processor.py:925} INFO - DAG(s) 'welcome_dag' retrieved from /opt/airflow/dags/welcome_dag.py
[2024-09-14T05:39:30.536+0000] {logging_mixin.py:190} INFO - [2024-09-14T05:39:30.535+0000] {dag.py:3229} INFO - Sync 1 DAGs
[2024-09-14T05:39:30.706+0000] {logging_mixin.py:190} INFO - [2024-09-14T05:39:30.705+0000] {dag.py:4156} INFO - Setting next_dagrun for welcome_dag to 2024-09-13 23:00:00+00:00, run_after=2024-09-14 23:00:00+00:00
[2024-09-14T05:39:31.015+0000] {processor.py:208} INFO - Processing /opt/airflow/dags/welcome_dag.py took 0.828 seconds
[2024-09-14T05:40:02.237+0000] {processor.py:186} INFO - Started process (PID=290) to work on /opt/airflow/dags/welcome_dag.py
[2024-09-14T05:40:02.247+0000] {processor.py:914} INFO - Processing file /opt/airflow/dags/welcome_dag.py for tasks to queue
[2024-09-14T05:40:02.249+0000] {logging_mixin.py:190} INFO - [2024-09-14T05:40:02.249+0000] {dagbag.py:587} INFO - Filling up the DagBag from /opt/airflow/dags/welcome_dag.py
[2024-09-14T05:40:02.331+0000] {processor.py:925} INFO - DAG(s) 'welcome_dag' retrieved from /opt/airflow/dags/welcome_dag.py
[2024-09-14T05:40:02.584+0000] {logging_mixin.py:190} INFO - [2024-09-14T05:40:02.584+0000] {dag.py:3229} INFO - Sync 1 DAGs
[2024-09-14T05:40:02.824+0000] {logging_mixin.py:190} INFO - [2024-09-14T05:40:02.824+0000] {dag.py:4156} INFO - Setting next_dagrun for welcome_dag to 2024-09-13 23:00:00+00:00, run_after=2024-09-14 23:00:00+00:00
[2024-09-14T05:40:03.157+0000] {processor.py:208} INFO - Processing /opt/airflow/dags/welcome_dag.py took 0.925 seconds
[2024-09-14T05:40:34.095+0000] {processor.py:186} INFO - Started process (PID=291) to work on /opt/airflow/dags/welcome_dag.py
[2024-09-14T05:40:34.104+0000] {processor.py:914} INFO - Processing file /opt/airflow/dags/welcome_dag.py for tasks to queue
[2024-09-14T05:40:34.108+0000] {logging_mixin.py:190} INFO - [2024-09-14T05:40:34.107+0000] {dagbag.py:587} INFO - Filling up the DagBag from /opt/airflow/dags/welcome_dag.py
[2024-09-14T05:40:34.154+0000] {processor.py:925} INFO - DAG(s) 'welcome_dag' retrieved from /opt/airflow/dags/welcome_dag.py
[2024-09-14T05:40:34.182+0000] {logging_mixin.py:190} INFO - [2024-09-14T05:40:34.182+0000] {dag.py:3229} INFO - Sync 1 DAGs
[2024-09-14T05:40:34.217+0000] {logging_mixin.py:190} INFO - [2024-09-14T05:40:34.217+0000] {dag.py:4156} INFO - Setting next_dagrun for welcome_dag to 2024-09-13 23:00:00+00:00, run_after=2024-09-14 23:00:00+00:00
[2024-09-14T05:40:34.461+0000] {processor.py:208} INFO - Processing /opt/airflow/dags/welcome_dag.py took 0.370 seconds
[2024-09-14T05:41:05.475+0000] {processor.py:186} INFO - Started process (PID=292) to work on /opt/airflow/dags/welcome_dag.py
[2024-09-14T05:41:05.476+0000] {processor.py:914} INFO - Processing file /opt/airflow/dags/welcome_dag.py for tasks to queue
[2024-09-14T05:41:05.478+0000] {logging_mixin.py:190} INFO - [2024-09-14T05:41:05.478+0000] {dagbag.py:587} INFO - Filling up the DagBag from /opt/airflow/dags/welcome_dag.py
[2024-09-14T05:41:05.512+0000] {processor.py:925} INFO - DAG(s) 'welcome_dag' retrieved from /opt/airflow/dags/welcome_dag.py
[2024-09-14T05:41:05.729+0000] {logging_mixin.py:190} INFO - [2024-09-14T05:41:05.729+0000] {dag.py:3229} INFO - Sync 1 DAGs
[2024-09-14T05:41:05.853+0000] {logging_mixin.py:190} INFO - [2024-09-14T05:41:05.852+0000] {dag.py:4156} INFO - Setting next_dagrun for welcome_dag to 2024-09-13 23:00:00+00:00, run_after=2024-09-14 23:00:00+00:00
[2024-09-14T05:41:05.991+0000] {processor.py:208} INFO - Processing /opt/airflow/dags/welcome_dag.py took 0.520 seconds
[2024-09-14T05:41:36.591+0000] {processor.py:186} INFO - Started process (PID=293) to work on /opt/airflow/dags/welcome_dag.py
[2024-09-14T05:41:36.594+0000] {processor.py:914} INFO - Processing file /opt/airflow/dags/welcome_dag.py for tasks to queue
[2024-09-14T05:41:36.597+0000] {logging_mixin.py:190} INFO - [2024-09-14T05:41:36.597+0000] {dagbag.py:587} INFO - Filling up the DagBag from /opt/airflow/dags/welcome_dag.py
[2024-09-14T05:41:36.645+0000] {processor.py:925} INFO - DAG(s) 'welcome_dag' retrieved from /opt/airflow/dags/welcome_dag.py
[2024-09-14T05:41:36.706+0000] {logging_mixin.py:190} INFO - [2024-09-14T05:41:36.706+0000] {dag.py:3229} INFO - Sync 1 DAGs
[2024-09-14T05:41:36.761+0000] {logging_mixin.py:190} INFO - [2024-09-14T05:41:36.761+0000] {dag.py:4156} INFO - Setting next_dagrun for welcome_dag to 2024-09-13 23:00:00+00:00, run_after=2024-09-14 23:00:00+00:00
[2024-09-14T05:41:36.967+0000] {processor.py:208} INFO - Processing /opt/airflow/dags/welcome_dag.py took 0.379 seconds
[2024-09-14T05:42:08.432+0000] {processor.py:186} INFO - Started process (PID=294) to work on /opt/airflow/dags/welcome_dag.py
[2024-09-14T05:42:08.433+0000] {processor.py:914} INFO - Processing file /opt/airflow/dags/welcome_dag.py for tasks to queue
[2024-09-14T05:42:08.437+0000] {logging_mixin.py:190} INFO - [2024-09-14T05:42:08.437+0000] {dagbag.py:587} INFO - Filling up the DagBag from /opt/airflow/dags/welcome_dag.py
[2024-09-14T05:42:08.627+0000] {processor.py:925} INFO - DAG(s) 'welcome_dag' retrieved from /opt/airflow/dags/welcome_dag.py
[2024-09-14T05:42:08.833+0000] {logging_mixin.py:190} INFO - [2024-09-14T05:42:08.833+0000] {dag.py:3229} INFO - Sync 1 DAGs
[2024-09-14T05:42:08.945+0000] {logging_mixin.py:190} INFO - [2024-09-14T05:42:08.945+0000] {dag.py:4156} INFO - Setting next_dagrun for welcome_dag to 2024-09-13 23:00:00+00:00, run_after=2024-09-14 23:00:00+00:00
[2024-09-14T05:42:09.186+0000] {processor.py:208} INFO - Processing /opt/airflow/dags/welcome_dag.py took 0.761 seconds
[2024-09-14T05:42:39.906+0000] {processor.py:186} INFO - Started process (PID=295) to work on /opt/airflow/dags/welcome_dag.py
[2024-09-14T05:42:39.908+0000] {processor.py:914} INFO - Processing file /opt/airflow/dags/welcome_dag.py for tasks to queue
[2024-09-14T05:42:39.911+0000] {logging_mixin.py:190} INFO - [2024-09-14T05:42:39.910+0000] {dagbag.py:587} INFO - Filling up the DagBag from /opt/airflow/dags/welcome_dag.py
[2024-09-14T05:42:39.952+0000] {processor.py:925} INFO - DAG(s) 'welcome_dag' retrieved from /opt/airflow/dags/welcome_dag.py
[2024-09-14T05:42:40.082+0000] {logging_mixin.py:190} INFO - [2024-09-14T05:42:40.082+0000] {dag.py:3229} INFO - Sync 1 DAGs
[2024-09-14T05:42:40.210+0000] {logging_mixin.py:190} INFO - [2024-09-14T05:42:40.210+0000] {dag.py:4156} INFO - Setting next_dagrun for welcome_dag to 2024-09-13 23:00:00+00:00, run_after=2024-09-14 23:00:00+00:00
[2024-09-14T05:42:40.733+0000] {processor.py:208} INFO - Processing /opt/airflow/dags/welcome_dag.py took 0.831 seconds
[2024-09-14T05:43:11.854+0000] {processor.py:186} INFO - Started process (PID=296) to work on /opt/airflow/dags/welcome_dag.py
[2024-09-14T05:43:11.856+0000] {processor.py:914} INFO - Processing file /opt/airflow/dags/welcome_dag.py for tasks to queue
[2024-09-14T05:43:11.858+0000] {logging_mixin.py:190} INFO - [2024-09-14T05:43:11.858+0000] {dagbag.py:587} INFO - Filling up the DagBag from /opt/airflow/dags/welcome_dag.py
[2024-09-14T05:43:12.012+0000] {processor.py:925} INFO - DAG(s) 'welcome_dag' retrieved from /opt/airflow/dags/welcome_dag.py
[2024-09-14T05:43:12.091+0000] {logging_mixin.py:190} INFO - [2024-09-14T05:43:12.090+0000] {dag.py:3229} INFO - Sync 1 DAGs
[2024-09-14T05:43:12.211+0000] {logging_mixin.py:190} INFO - [2024-09-14T05:43:12.211+0000] {dag.py:4156} INFO - Setting next_dagrun for welcome_dag to 2024-09-13 23:00:00+00:00, run_after=2024-09-14 23:00:00+00:00
[2024-09-14T05:43:12.320+0000] {processor.py:208} INFO - Processing /opt/airflow/dags/welcome_dag.py took 0.470 seconds
[2024-09-14T05:43:45.844+0000] {processor.py:186} INFO - Started process (PID=297) to work on /opt/airflow/dags/welcome_dag.py
[2024-09-14T05:43:45.853+0000] {processor.py:914} INFO - Processing file /opt/airflow/dags/welcome_dag.py for tasks to queue
[2024-09-14T05:43:45.856+0000] {logging_mixin.py:190} INFO - [2024-09-14T05:43:45.856+0000] {dagbag.py:587} INFO - Filling up the DagBag from /opt/airflow/dags/welcome_dag.py
[2024-09-14T05:43:46.261+0000] {processor.py:925} INFO - DAG(s) 'welcome_dag' retrieved from /opt/airflow/dags/welcome_dag.py
[2024-09-14T05:43:46.489+0000] {logging_mixin.py:190} INFO - [2024-09-14T05:43:46.488+0000] {dag.py:3229} INFO - Sync 1 DAGs
[2024-09-14T05:43:46.645+0000] {logging_mixin.py:190} INFO - [2024-09-14T05:43:46.644+0000] {dag.py:4156} INFO - Setting next_dagrun for welcome_dag to 2024-09-13 23:00:00+00:00, run_after=2024-09-14 23:00:00+00:00
[2024-09-14T05:43:46.931+0000] {processor.py:208} INFO - Processing /opt/airflow/dags/welcome_dag.py took 1.093 seconds
[2024-09-14T05:44:17.288+0000] {processor.py:186} INFO - Started process (PID=298) to work on /opt/airflow/dags/welcome_dag.py
[2024-09-14T05:44:17.289+0000] {processor.py:914} INFO - Processing file /opt/airflow/dags/welcome_dag.py for tasks to queue
[2024-09-14T05:44:17.291+0000] {logging_mixin.py:190} INFO - [2024-09-14T05:44:17.290+0000] {dagbag.py:587} INFO - Filling up the DagBag from /opt/airflow/dags/welcome_dag.py
[2024-09-14T05:44:17.316+0000] {processor.py:925} INFO - DAG(s) 'welcome_dag' retrieved from /opt/airflow/dags/welcome_dag.py
[2024-09-14T05:44:17.343+0000] {logging_mixin.py:190} INFO - [2024-09-14T05:44:17.343+0000] {dag.py:3229} INFO - Sync 1 DAGs
[2024-09-14T05:44:17.367+0000] {logging_mixin.py:190} INFO - [2024-09-14T05:44:17.366+0000] {dag.py:4156} INFO - Setting next_dagrun for welcome_dag to 2024-09-13 23:00:00+00:00, run_after=2024-09-14 23:00:00+00:00
[2024-09-14T05:44:17.423+0000] {processor.py:208} INFO - Processing /opt/airflow/dags/welcome_dag.py took 0.139 seconds
[2024-09-14T05:44:49.065+0000] {processor.py:186} INFO - Started process (PID=299) to work on /opt/airflow/dags/welcome_dag.py
[2024-09-14T05:44:49.068+0000] {processor.py:914} INFO - Processing file /opt/airflow/dags/welcome_dag.py for tasks to queue
[2024-09-14T05:44:49.084+0000] {logging_mixin.py:190} INFO - [2024-09-14T05:44:49.083+0000] {dagbag.py:587} INFO - Filling up the DagBag from /opt/airflow/dags/welcome_dag.py
[2024-09-14T05:44:49.410+0000] {processor.py:925} INFO - DAG(s) 'welcome_dag' retrieved from /opt/airflow/dags/welcome_dag.py
[2024-09-14T05:44:49.485+0000] {logging_mixin.py:190} INFO - [2024-09-14T05:44:49.485+0000] {dag.py:3229} INFO - Sync 1 DAGs
[2024-09-14T05:44:49.509+0000] {logging_mixin.py:190} INFO - [2024-09-14T05:44:49.509+0000] {dag.py:4156} INFO - Setting next_dagrun for welcome_dag to 2024-09-13 23:00:00+00:00, run_after=2024-09-14 23:00:00+00:00
[2024-09-14T05:44:49.591+0000] {processor.py:208} INFO - Processing /opt/airflow/dags/welcome_dag.py took 0.531 seconds
