[2024-09-11T09:47:57.001+0000] {processor.py:186} INFO - Started process (PID=103) to work on /opt/airflow/dags/welcome_dag.py
[2024-09-11T09:47:57.003+0000] {processor.py:914} INFO - Processing file /opt/airflow/dags/welcome_dag.py for tasks to queue
[2024-09-11T09:47:57.005+0000] {logging_mixin.py:190} INFO - [2024-09-11T09:47:57.004+0000] {dagbag.py:587} INFO - Filling up the DagBag from /opt/airflow/dags/welcome_dag.py
[2024-09-11T09:47:57.060+0000] {processor.py:925} INFO - DAG(s) 'welcome_dag' retrieved from /opt/airflow/dags/welcome_dag.py
[2024-09-11T09:47:57.240+0000] {logging_mixin.py:190} INFO - [2024-09-11T09:47:57.240+0000] {override.py:1900} INFO - Created Permission View: can delete on DAG:welcome_dag
[2024-09-11T09:47:57.289+0000] {logging_mixin.py:190} INFO - [2024-09-11T09:47:57.288+0000] {override.py:1900} INFO - Created Permission View: can edit on DAG:welcome_dag
[2024-09-11T09:47:57.315+0000] {logging_mixin.py:190} INFO - [2024-09-11T09:47:57.314+0000] {override.py:1900} INFO - Created Permission View: can read on DAG:welcome_dag
[2024-09-11T09:47:57.347+0000] {logging_mixin.py:190} INFO - [2024-09-11T09:47:57.346+0000] {override.py:1900} INFO - Created Permission View: can delete on DAG Run:welcome_dag
[2024-09-11T09:47:57.374+0000] {logging_mixin.py:190} INFO - [2024-09-11T09:47:57.374+0000] {override.py:1900} INFO - Created Permission View: can create on DAG Run:welcome_dag
[2024-09-11T09:47:57.396+0000] {logging_mixin.py:190} INFO - [2024-09-11T09:47:57.396+0000] {override.py:1900} INFO - Created Permission View: menu access on DAG Run:welcome_dag
[2024-09-11T09:47:57.449+0000] {logging_mixin.py:190} INFO - [2024-09-11T09:47:57.449+0000] {override.py:1900} INFO - Created Permission View: can read on DAG Run:welcome_dag
[2024-09-11T09:47:57.449+0000] {logging_mixin.py:190} INFO - [2024-09-11T09:47:57.449+0000] {dag.py:3229} INFO - Sync 1 DAGs
[2024-09-11T09:47:57.461+0000] {logging_mixin.py:190} INFO - [2024-09-11T09:47:57.461+0000] {dag.py:3252} INFO - Creating ORM DAG for welcome_dag
[2024-09-11T09:47:57.470+0000] {logging_mixin.py:190} INFO - [2024-09-11T09:47:57.470+0000] {dag.py:4156} INFO - Setting next_dagrun for welcome_dag to 2024-09-10 23:00:00+00:00, run_after=2024-09-11 23:00:00+00:00
[2024-09-11T09:47:57.504+0000] {processor.py:208} INFO - Processing /opt/airflow/dags/welcome_dag.py took 0.508 seconds
[2024-09-11T09:48:28.430+0000] {processor.py:186} INFO - Started process (PID=104) to work on /opt/airflow/dags/welcome_dag.py
[2024-09-11T09:48:28.431+0000] {processor.py:914} INFO - Processing file /opt/airflow/dags/welcome_dag.py for tasks to queue
[2024-09-11T09:48:28.433+0000] {logging_mixin.py:190} INFO - [2024-09-11T09:48:28.433+0000] {dagbag.py:587} INFO - Filling up the DagBag from /opt/airflow/dags/welcome_dag.py
[2024-09-11T09:48:28.470+0000] {processor.py:925} INFO - DAG(s) 'welcome_dag' retrieved from /opt/airflow/dags/welcome_dag.py
[2024-09-11T09:48:28.500+0000] {logging_mixin.py:190} INFO - [2024-09-11T09:48:28.500+0000] {dag.py:3229} INFO - Sync 1 DAGs
[2024-09-11T09:48:28.520+0000] {logging_mixin.py:190} INFO - [2024-09-11T09:48:28.520+0000] {dag.py:4156} INFO - Setting next_dagrun for welcome_dag to 2024-09-10 23:00:00+00:00, run_after=2024-09-11 23:00:00+00:00
[2024-09-11T09:48:28.588+0000] {processor.py:208} INFO - Processing /opt/airflow/dags/welcome_dag.py took 0.162 seconds
[2024-09-11T09:48:30.668+0000] {processor.py:186} INFO - Started process (PID=105) to work on /opt/airflow/dags/welcome_dag.py
[2024-09-11T09:48:30.669+0000] {processor.py:914} INFO - Processing file /opt/airflow/dags/welcome_dag.py for tasks to queue
[2024-09-11T09:48:30.670+0000] {logging_mixin.py:190} INFO - [2024-09-11T09:48:30.670+0000] {dagbag.py:587} INFO - Filling up the DagBag from /opt/airflow/dags/welcome_dag.py
[2024-09-11T09:48:30.715+0000] {processor.py:925} INFO - DAG(s) 'welcome_dag' retrieved from /opt/airflow/dags/welcome_dag.py
[2024-09-11T09:48:30.734+0000] {logging_mixin.py:190} INFO - [2024-09-11T09:48:30.734+0000] {dag.py:3229} INFO - Sync 1 DAGs
[2024-09-11T09:48:30.751+0000] {logging_mixin.py:190} INFO - [2024-09-11T09:48:30.751+0000] {dag.py:4156} INFO - Setting next_dagrun for welcome_dag to 2024-09-10 23:00:00+00:00, run_after=2024-09-11 23:00:00+00:00
[2024-09-11T09:48:30.790+0000] {processor.py:208} INFO - Processing /opt/airflow/dags/welcome_dag.py took 0.126 seconds
[2024-09-11T09:49:01.837+0000] {processor.py:186} INFO - Started process (PID=106) to work on /opt/airflow/dags/welcome_dag.py
[2024-09-11T09:49:01.837+0000] {processor.py:914} INFO - Processing file /opt/airflow/dags/welcome_dag.py for tasks to queue
[2024-09-11T09:49:01.839+0000] {logging_mixin.py:190} INFO - [2024-09-11T09:49:01.839+0000] {dagbag.py:587} INFO - Filling up the DagBag from /opt/airflow/dags/welcome_dag.py
[2024-09-11T09:49:01.854+0000] {processor.py:925} INFO - DAG(s) 'welcome_dag' retrieved from /opt/airflow/dags/welcome_dag.py
[2024-09-11T09:49:01.872+0000] {logging_mixin.py:190} INFO - [2024-09-11T09:49:01.872+0000] {dag.py:3229} INFO - Sync 1 DAGs
[2024-09-11T09:49:01.887+0000] {logging_mixin.py:190} INFO - [2024-09-11T09:49:01.887+0000] {dag.py:4156} INFO - Setting next_dagrun for welcome_dag to 2024-09-10 23:00:00+00:00, run_after=2024-09-11 23:00:00+00:00
[2024-09-11T09:49:01.937+0000] {processor.py:208} INFO - Processing /opt/airflow/dags/welcome_dag.py took 0.103 seconds
[2024-09-11T09:49:32.122+0000] {processor.py:186} INFO - Started process (PID=107) to work on /opt/airflow/dags/welcome_dag.py
[2024-09-11T09:49:32.123+0000] {processor.py:914} INFO - Processing file /opt/airflow/dags/welcome_dag.py for tasks to queue
[2024-09-11T09:49:32.125+0000] {logging_mixin.py:190} INFO - [2024-09-11T09:49:32.124+0000] {dagbag.py:587} INFO - Filling up the DagBag from /opt/airflow/dags/welcome_dag.py
[2024-09-11T09:49:32.152+0000] {processor.py:925} INFO - DAG(s) 'welcome_dag' retrieved from /opt/airflow/dags/welcome_dag.py
[2024-09-11T09:49:32.180+0000] {logging_mixin.py:190} INFO - [2024-09-11T09:49:32.179+0000] {dag.py:3229} INFO - Sync 1 DAGs
[2024-09-11T09:49:32.205+0000] {logging_mixin.py:190} INFO - [2024-09-11T09:49:32.205+0000] {dag.py:4156} INFO - Setting next_dagrun for welcome_dag to 2024-09-10 23:00:00+00:00, run_after=2024-09-11 23:00:00+00:00
[2024-09-11T09:49:32.259+0000] {processor.py:208} INFO - Processing /opt/airflow/dags/welcome_dag.py took 0.143 seconds
[2024-09-11T09:50:02.931+0000] {processor.py:186} INFO - Started process (PID=108) to work on /opt/airflow/dags/welcome_dag.py
[2024-09-11T09:50:02.932+0000] {processor.py:914} INFO - Processing file /opt/airflow/dags/welcome_dag.py for tasks to queue
[2024-09-11T09:50:02.934+0000] {logging_mixin.py:190} INFO - [2024-09-11T09:50:02.933+0000] {dagbag.py:587} INFO - Filling up the DagBag from /opt/airflow/dags/welcome_dag.py
[2024-09-11T09:50:02.951+0000] {processor.py:925} INFO - DAG(s) 'welcome_dag' retrieved from /opt/airflow/dags/welcome_dag.py
[2024-09-11T09:50:02.969+0000] {logging_mixin.py:190} INFO - [2024-09-11T09:50:02.969+0000] {dag.py:3229} INFO - Sync 1 DAGs
[2024-09-11T09:50:02.988+0000] {logging_mixin.py:190} INFO - [2024-09-11T09:50:02.988+0000] {dag.py:4156} INFO - Setting next_dagrun for welcome_dag to 2024-09-10 23:00:00+00:00, run_after=2024-09-11 23:00:00+00:00
[2024-09-11T09:50:03.047+0000] {processor.py:208} INFO - Processing /opt/airflow/dags/welcome_dag.py took 0.120 seconds
[2024-09-11T09:50:05.806+0000] {processor.py:186} INFO - Started process (PID=109) to work on /opt/airflow/dags/welcome_dag.py
[2024-09-11T09:50:05.807+0000] {processor.py:914} INFO - Processing file /opt/airflow/dags/welcome_dag.py for tasks to queue
[2024-09-11T09:50:05.809+0000] {logging_mixin.py:190} INFO - [2024-09-11T09:50:05.808+0000] {dagbag.py:587} INFO - Filling up the DagBag from /opt/airflow/dags/welcome_dag.py
[2024-09-11T09:50:05.857+0000] {processor.py:925} INFO - DAG(s) 'welcome_dag' retrieved from /opt/airflow/dags/welcome_dag.py
[2024-09-11T09:50:05.879+0000] {logging_mixin.py:190} INFO - [2024-09-11T09:50:05.879+0000] {dag.py:3229} INFO - Sync 1 DAGs
[2024-09-11T09:50:05.896+0000] {logging_mixin.py:190} INFO - [2024-09-11T09:50:05.896+0000] {dag.py:4156} INFO - Setting next_dagrun for welcome_dag to 2024-09-10 23:00:00+00:00, run_after=2024-09-11 23:00:00+00:00
[2024-09-11T09:50:05.947+0000] {processor.py:208} INFO - Processing /opt/airflow/dags/welcome_dag.py took 0.144 seconds
[2024-09-11T09:50:36.631+0000] {processor.py:186} INFO - Started process (PID=110) to work on /opt/airflow/dags/welcome_dag.py
[2024-09-11T09:50:36.632+0000] {processor.py:914} INFO - Processing file /opt/airflow/dags/welcome_dag.py for tasks to queue
[2024-09-11T09:50:36.634+0000] {logging_mixin.py:190} INFO - [2024-09-11T09:50:36.634+0000] {dagbag.py:587} INFO - Filling up the DagBag from /opt/airflow/dags/welcome_dag.py
[2024-09-11T09:50:36.657+0000] {processor.py:925} INFO - DAG(s) 'welcome_dag' retrieved from /opt/airflow/dags/welcome_dag.py
[2024-09-11T09:50:36.680+0000] {logging_mixin.py:190} INFO - [2024-09-11T09:50:36.680+0000] {dag.py:3229} INFO - Sync 1 DAGs
[2024-09-11T09:50:36.702+0000] {logging_mixin.py:190} INFO - [2024-09-11T09:50:36.702+0000] {dag.py:4156} INFO - Setting next_dagrun for welcome_dag to 2024-09-10 23:00:00+00:00, run_after=2024-09-11 23:00:00+00:00
[2024-09-11T09:50:36.766+0000] {processor.py:208} INFO - Processing /opt/airflow/dags/welcome_dag.py took 0.139 seconds
[2024-09-11T09:51:07.432+0000] {processor.py:186} INFO - Started process (PID=111) to work on /opt/airflow/dags/welcome_dag.py
[2024-09-11T09:51:07.433+0000] {processor.py:914} INFO - Processing file /opt/airflow/dags/welcome_dag.py for tasks to queue
[2024-09-11T09:51:07.435+0000] {logging_mixin.py:190} INFO - [2024-09-11T09:51:07.434+0000] {dagbag.py:587} INFO - Filling up the DagBag from /opt/airflow/dags/welcome_dag.py
[2024-09-11T09:51:07.456+0000] {processor.py:925} INFO - DAG(s) 'welcome_dag' retrieved from /opt/airflow/dags/welcome_dag.py
[2024-09-11T09:51:07.480+0000] {logging_mixin.py:190} INFO - [2024-09-11T09:51:07.479+0000] {dag.py:3229} INFO - Sync 1 DAGs
[2024-09-11T09:51:07.501+0000] {logging_mixin.py:190} INFO - [2024-09-11T09:51:07.501+0000] {dag.py:4156} INFO - Setting next_dagrun for welcome_dag to 2024-09-10 23:00:00+00:00, run_after=2024-09-11 23:00:00+00:00
[2024-09-11T09:51:07.573+0000] {processor.py:208} INFO - Processing /opt/airflow/dags/welcome_dag.py took 0.146 seconds
[2024-09-11T09:51:38.219+0000] {processor.py:186} INFO - Started process (PID=112) to work on /opt/airflow/dags/welcome_dag.py
[2024-09-11T09:51:38.220+0000] {processor.py:914} INFO - Processing file /opt/airflow/dags/welcome_dag.py for tasks to queue
[2024-09-11T09:51:38.223+0000] {logging_mixin.py:190} INFO - [2024-09-11T09:51:38.222+0000] {dagbag.py:587} INFO - Filling up the DagBag from /opt/airflow/dags/welcome_dag.py
[2024-09-11T09:51:38.250+0000] {processor.py:925} INFO - DAG(s) 'welcome_dag' retrieved from /opt/airflow/dags/welcome_dag.py
[2024-09-11T09:51:38.277+0000] {logging_mixin.py:190} INFO - [2024-09-11T09:51:38.277+0000] {dag.py:3229} INFO - Sync 1 DAGs
[2024-09-11T09:51:38.300+0000] {logging_mixin.py:190} INFO - [2024-09-11T09:51:38.300+0000] {dag.py:4156} INFO - Setting next_dagrun for welcome_dag to 2024-09-10 23:00:00+00:00, run_after=2024-09-11 23:00:00+00:00
[2024-09-11T09:51:38.361+0000] {processor.py:208} INFO - Processing /opt/airflow/dags/welcome_dag.py took 0.147 seconds
[2024-09-11T09:52:09.185+0000] {processor.py:186} INFO - Started process (PID=167) to work on /opt/airflow/dags/welcome_dag.py
[2024-09-11T09:52:09.186+0000] {processor.py:914} INFO - Processing file /opt/airflow/dags/welcome_dag.py for tasks to queue
[2024-09-11T09:52:09.187+0000] {logging_mixin.py:190} INFO - [2024-09-11T09:52:09.187+0000] {dagbag.py:587} INFO - Filling up the DagBag from /opt/airflow/dags/welcome_dag.py
[2024-09-11T09:52:09.204+0000] {processor.py:925} INFO - DAG(s) 'welcome_dag' retrieved from /opt/airflow/dags/welcome_dag.py
[2024-09-11T09:52:09.222+0000] {logging_mixin.py:190} INFO - [2024-09-11T09:52:09.222+0000] {dag.py:3229} INFO - Sync 1 DAGs
[2024-09-11T09:52:09.238+0000] {logging_mixin.py:190} INFO - [2024-09-11T09:52:09.238+0000] {dag.py:4156} INFO - Setting next_dagrun for welcome_dag to 2024-09-10 23:00:00+00:00, run_after=2024-09-11 23:00:00+00:00
[2024-09-11T09:52:09.295+0000] {processor.py:208} INFO - Processing /opt/airflow/dags/welcome_dag.py took 0.113 seconds
[2024-09-11T09:52:39.966+0000] {processor.py:186} INFO - Started process (PID=168) to work on /opt/airflow/dags/welcome_dag.py
[2024-09-11T09:52:39.967+0000] {processor.py:914} INFO - Processing file /opt/airflow/dags/welcome_dag.py for tasks to queue
[2024-09-11T09:52:39.969+0000] {logging_mixin.py:190} INFO - [2024-09-11T09:52:39.968+0000] {dagbag.py:587} INFO - Filling up the DagBag from /opt/airflow/dags/welcome_dag.py
[2024-09-11T09:52:39.992+0000] {processor.py:925} INFO - DAG(s) 'welcome_dag' retrieved from /opt/airflow/dags/welcome_dag.py
[2024-09-11T09:52:40.029+0000] {logging_mixin.py:190} INFO - [2024-09-11T09:52:40.029+0000] {dag.py:3229} INFO - Sync 1 DAGs
[2024-09-11T09:52:40.048+0000] {logging_mixin.py:190} INFO - [2024-09-11T09:52:40.048+0000] {dag.py:4156} INFO - Setting next_dagrun for welcome_dag to 2024-09-10 23:00:00+00:00, run_after=2024-09-11 23:00:00+00:00
[2024-09-11T09:52:40.109+0000] {processor.py:208} INFO - Processing /opt/airflow/dags/welcome_dag.py took 0.146 seconds
[2024-09-11T09:53:10.677+0000] {processor.py:186} INFO - Started process (PID=169) to work on /opt/airflow/dags/welcome_dag.py
[2024-09-11T09:53:10.678+0000] {processor.py:914} INFO - Processing file /opt/airflow/dags/welcome_dag.py for tasks to queue
[2024-09-11T09:53:10.680+0000] {logging_mixin.py:190} INFO - [2024-09-11T09:53:10.679+0000] {dagbag.py:587} INFO - Filling up the DagBag from /opt/airflow/dags/welcome_dag.py
[2024-09-11T09:53:10.700+0000] {processor.py:925} INFO - DAG(s) 'welcome_dag' retrieved from /opt/airflow/dags/welcome_dag.py
[2024-09-11T09:53:10.721+0000] {logging_mixin.py:190} INFO - [2024-09-11T09:53:10.721+0000] {dag.py:3229} INFO - Sync 1 DAGs
[2024-09-11T09:53:10.739+0000] {logging_mixin.py:190} INFO - [2024-09-11T09:53:10.739+0000] {dag.py:4156} INFO - Setting next_dagrun for welcome_dag to 2024-09-10 23:00:00+00:00, run_after=2024-09-11 23:00:00+00:00
[2024-09-11T09:53:10.815+0000] {processor.py:208} INFO - Processing /opt/airflow/dags/welcome_dag.py took 0.142 seconds
[2024-09-11T09:53:15.811+0000] {processor.py:186} INFO - Started process (PID=170) to work on /opt/airflow/dags/welcome_dag.py
[2024-09-11T09:53:15.812+0000] {processor.py:914} INFO - Processing file /opt/airflow/dags/welcome_dag.py for tasks to queue
[2024-09-11T09:53:15.814+0000] {logging_mixin.py:190} INFO - [2024-09-11T09:53:15.814+0000] {dagbag.py:587} INFO - Filling up the DagBag from /opt/airflow/dags/welcome_dag.py
[2024-09-11T09:53:15.838+0000] {processor.py:925} INFO - DAG(s) 'welcome_dag' retrieved from /opt/airflow/dags/welcome_dag.py
[2024-09-11T09:53:15.885+0000] {logging_mixin.py:190} INFO - [2024-09-11T09:53:15.884+0000] {dag.py:3229} INFO - Sync 1 DAGs
[2024-09-11T09:53:15.906+0000] {logging_mixin.py:190} INFO - [2024-09-11T09:53:15.906+0000] {dag.py:4156} INFO - Setting next_dagrun for welcome_dag to 2024-09-10 23:00:00+00:00, run_after=2024-09-11 23:00:00+00:00
[2024-09-11T09:53:15.953+0000] {processor.py:208} INFO - Processing /opt/airflow/dags/welcome_dag.py took 0.145 seconds
[2024-09-11T09:53:46.565+0000] {processor.py:186} INFO - Started process (PID=225) to work on /opt/airflow/dags/welcome_dag.py
[2024-09-11T09:53:46.565+0000] {processor.py:914} INFO - Processing file /opt/airflow/dags/welcome_dag.py for tasks to queue
[2024-09-11T09:53:46.567+0000] {logging_mixin.py:190} INFO - [2024-09-11T09:53:46.567+0000] {dagbag.py:587} INFO - Filling up the DagBag from /opt/airflow/dags/welcome_dag.py
[2024-09-11T09:53:46.583+0000] {processor.py:925} INFO - DAG(s) 'welcome_dag' retrieved from /opt/airflow/dags/welcome_dag.py
[2024-09-11T09:53:46.601+0000] {logging_mixin.py:190} INFO - [2024-09-11T09:53:46.601+0000] {dag.py:3229} INFO - Sync 1 DAGs
[2024-09-11T09:53:46.618+0000] {logging_mixin.py:190} INFO - [2024-09-11T09:53:46.618+0000] {dag.py:4156} INFO - Setting next_dagrun for welcome_dag to 2024-09-10 23:00:00+00:00, run_after=2024-09-11 23:00:00+00:00
[2024-09-11T09:53:46.675+0000] {processor.py:208} INFO - Processing /opt/airflow/dags/welcome_dag.py took 0.114 seconds
[2024-09-11T09:54:17.594+0000] {processor.py:186} INFO - Started process (PID=226) to work on /opt/airflow/dags/welcome_dag.py
[2024-09-11T09:54:17.596+0000] {processor.py:914} INFO - Processing file /opt/airflow/dags/welcome_dag.py for tasks to queue
[2024-09-11T09:54:17.597+0000] {logging_mixin.py:190} INFO - [2024-09-11T09:54:17.597+0000] {dagbag.py:587} INFO - Filling up the DagBag from /opt/airflow/dags/welcome_dag.py
[2024-09-11T09:54:17.624+0000] {processor.py:925} INFO - DAG(s) 'welcome_dag' retrieved from /opt/airflow/dags/welcome_dag.py
[2024-09-11T09:54:17.643+0000] {logging_mixin.py:190} INFO - [2024-09-11T09:54:17.643+0000] {dag.py:3229} INFO - Sync 1 DAGs
[2024-09-11T09:54:17.659+0000] {logging_mixin.py:190} INFO - [2024-09-11T09:54:17.659+0000] {dag.py:4156} INFO - Setting next_dagrun for welcome_dag to 2024-09-10 23:00:00+00:00, run_after=2024-09-11 23:00:00+00:00
[2024-09-11T09:54:17.698+0000] {processor.py:208} INFO - Processing /opt/airflow/dags/welcome_dag.py took 0.108 seconds
